{"X:\\STUDIES Andela 2024\\node\\node-es6\\src\\index.js": {"path":"X:\\STUDIES Andela 2024\\node\\node-es6\\src\\index.js","statementMap":{"0":{"start":{"line":1,"column":16},"end":{"line":1,"column":34}},"1":{"start":{"line":2,"column":13},"end":{"line":2,"column":28}},"2":{"start":{"line":3,"column":15},"end":{"line":3,"column":32}},"3":{"start":{"line":4,"column":18},"end":{"line":4,"column":53}},"4":{"start":{"line":5,"column":15},"end":{"line":5,"column":48}},"5":{"start":{"line":6,"column":21},"end":{"line":6,"column":60}},"6":{"start":{"line":7,"column":22},"end":{"line":7,"column":58}},"7":{"start":{"line":8,"column":24},"end":{"line":8,"column":62}},"8":{"start":{"line":9,"column":15},"end":{"line":9,"column":32}},"9":{"start":{"line":11,"column":21},"end":{"line":11,"column":44}},"10":{"start":{"line":12,"column":18},"end":{"line":12,"column":47}},"11":{"start":{"line":13,"column":12},"end":{"line":13,"column":21}},"12":{"start":{"line":14,"column":0},"end":{"line":14,"column":16}},"13":{"start":{"line":15,"column":0},"end":{"line":15,"column":10}},"14":{"start":{"line":17,"column":0},"end":{"line":17,"column":69}},"15":{"start":{"line":19,"column":0},"end":{"line":19,"column":16}},"16":{"start":{"line":20,"column":0},"end":{"line":20,"column":21}},"17":{"start":{"line":21,"column":0},"end":{"line":21,"column":27}},"18":{"start":{"line":22,"column":0},"end":{"line":22,"column":28}},"19":{"start":{"line":23,"column":0},"end":{"line":23,"column":30}},"20":{"start":{"line":25,"column":0},"end":{"line":27,"column":3}},"21":{"start":{"line":26,"column":2},"end":{"line":26,"column":44}},"22":{"start":{"line":28,"column":0},"end":{"line":30,"column":3}},"23":{"start":{"line":29,"column":2},"end":{"line":29,"column":44}},"24":{"start":{"line":32,"column":13},"end":{"line":32,"column":37}},"25":{"start":{"line":33,"column":17},"end":{"line":33,"column":28}},"26":{"start":{"line":34,"column":0},"end":{"line":36,"column":3}},"27":{"start":{"line":35,"column":2},"end":{"line":35,"column":67}}},"fnMap":{"0":{"name":"(anonymous_0)","decl":{"start":{"line":25,"column":13},"end":{"line":25,"column":14}},"loc":{"start":{"line":25,"column":27},"end":{"line":27,"column":1}},"line":25},"1":{"name":"(anonymous_1)","decl":{"start":{"line":28,"column":13},"end":{"line":28,"column":14}},"loc":{"start":{"line":28,"column":27},"end":{"line":30,"column":1}},"line":28},"2":{"name":"(anonymous_2)","decl":{"start":{"line":34,"column":34},"end":{"line":34,"column":35}},"loc":{"start":{"line":34,"column":40},"end":{"line":36,"column":1}},"line":34}},"branchMap":{"0":{"loc":{"start":{"line":32,"column":13},"end":{"line":32,"column":37}},"type":"binary-expr","locations":[{"start":{"line":32,"column":13},"end":{"line":32,"column":29}},{"start":{"line":32,"column":33},"end":{"line":32,"column":37}}],"line":32}},"s":{"0":5,"1":5,"2":5,"3":5,"4":5,"5":5,"6":5,"7":5,"8":5,"9":5,"10":5,"11":5,"12":5,"13":5,"14":5,"15":5,"16":5,"17":5,"18":5,"19":5,"20":5,"21":0,"22":5,"23":4,"24":5,"25":5,"26":5,"27":5},"f":{"0":0,"1":4,"2":5},"b":{"0":[5,0]},"_coverageSchema":"1a1c01bbd47fc00a2c39e90264f33305004495a9","hash":"046ded74dcce1f794a2bb8ed556fb3044244dc20"}
,"X:\\STUDIES Andela 2024\\node\\node-es6\\src\\swagger.js": {"path":"X:\\STUDIES Andela 2024\\node\\node-es6\\src\\swagger.js","statementMap":{"0":{"start":{"line":1,"column":21},"end":{"line":1,"column":45}},"1":{"start":{"line":2,"column":13},"end":{"line":2,"column":28}},"2":{"start":{"line":5,"column":23},"end":{"line":37,"column":1}},"3":{"start":{"line":39,"column":14},"end":{"line":39,"column":42}},"4":{"start":{"line":42,"column":0},"end":{"line":42,"column":23}}},"fnMap":{},"branchMap":{},"s":{"0":5,"1":5,"2":5,"3":5,"4":5},"f":{},"b":{},"_coverageSchema":"1a1c01bbd47fc00a2c39e90264f33305004495a9","hash":"4cedd350385c8934a46e34a22721cb6fdc406949"}
,"X:\\STUDIES Andela 2024\\node\\node-es6\\src\\controllers\\blogcontroller.js": {"path":"X:\\STUDIES Andela 2024\\node\\node-es6\\src\\controllers\\blogcontroller.js","statementMap":{"0":{"start":{"line":1,"column":13},"end":{"line":1,"column":47}},"1":{"start":{"line":3,"column":17},"end":{"line":3,"column":36}},"2":{"start":{"line":4,"column":17},"end":{"line":4,"column":40}},"3":{"start":{"line":5,"column":15},"end":{"line":5,"column":32}},"4":{"start":{"line":7,"column":16},"end":{"line":12,"column":2}},"5":{"start":{"line":10,"column":4},"end":{"line":10,"column":32}},"6":{"start":{"line":13,"column":15},"end":{"line":15,"column":22}},"7":{"start":{"line":19,"column":18},"end":{"line":19,"column":35}},"8":{"start":{"line":26,"column":4},"end":{"line":29,"column":7}},"9":{"start":{"line":33,"column":4},"end":{"line":72,"column":5}},"10":{"start":{"line":34,"column":6},"end":{"line":67,"column":9}},"11":{"start":{"line":35,"column":8},"end":{"line":66,"column":9}},"12":{"start":{"line":36,"column":10},"end":{"line":36,"column":27}},"13":{"start":{"line":38,"column":49},"end":{"line":38,"column":57}},"14":{"start":{"line":39,"column":10},"end":{"line":43,"column":11}},"15":{"start":{"line":40,"column":12},"end":{"line":42,"column":15}},"16":{"start":{"line":49,"column":35},"end":{"line":49,"column":73}},"17":{"start":{"line":50,"column":27},"end":{"line":60,"column":12}},"18":{"start":{"line":61,"column":10},"end":{"line":61,"column":26}},"19":{"start":{"line":62,"column":10},"end":{"line":65,"column":13}},"20":{"start":{"line":69,"column":6},"end":{"line":71,"column":9}},"21":{"start":{"line":76,"column":4},"end":{"line":111,"column":5}},"22":{"start":{"line":77,"column":6},"end":{"line":106,"column":9}},"23":{"start":{"line":78,"column":8},"end":{"line":105,"column":9}},"24":{"start":{"line":79,"column":10},"end":{"line":79,"column":27}},"25":{"start":{"line":81,"column":49},"end":{"line":81,"column":57}},"26":{"start":{"line":82,"column":10},"end":{"line":86,"column":11}},"27":{"start":{"line":83,"column":12},"end":{"line":85,"column":15}},"28":{"start":{"line":92,"column":35},"end":{"line":92,"column":73}},"29":{"start":{"line":93,"column":27},"end":{"line":98,"column":12}},"30":{"start":{"line":99,"column":10},"end":{"line":99,"column":26}},"31":{"start":{"line":100,"column":10},"end":{"line":104,"column":13}},"32":{"start":{"line":108,"column":6},"end":{"line":110,"column":9}},"33":{"start":{"line":115,"column":4},"end":{"line":150,"column":5}},"34":{"start":{"line":116,"column":33},"end":{"line":116,"column":41}},"35":{"start":{"line":117,"column":21},"end":{"line":117,"column":34}},"36":{"start":{"line":118,"column":6},"end":{"line":122,"column":7}},"37":{"start":{"line":119,"column":8},"end":{"line":121,"column":11}},"38":{"start":{"line":123,"column":27},"end":{"line":123,"column":47}},"39":{"start":{"line":125,"column":31},"end":{"line":125,"column":69}},"40":{"start":{"line":126,"column":26},"end":{"line":130,"column":7}},"41":{"start":{"line":132,"column":25},"end":{"line":140,"column":7}},"42":{"start":{"line":141,"column":6},"end":{"line":144,"column":9}},"43":{"start":{"line":146,"column":6},"end":{"line":146,"column":27}},"44":{"start":{"line":147,"column":6},"end":{"line":149,"column":9}},"45":{"start":{"line":155,"column":4},"end":{"line":170,"column":5}},"46":{"start":{"line":156,"column":25},"end":{"line":156,"column":67}},"47":{"start":{"line":157,"column":6},"end":{"line":162,"column":7}},"48":{"start":{"line":158,"column":8},"end":{"line":161,"column":11}},"49":{"start":{"line":163,"column":6},"end":{"line":165,"column":9}},"50":{"start":{"line":167,"column":6},"end":{"line":169,"column":9}},"51":{"start":{"line":174,"column":4},"end":{"line":199,"column":5}},"52":{"start":{"line":175,"column":25},"end":{"line":175,"column":67}},"53":{"start":{"line":176,"column":45},"end":{"line":176,"column":53}},"54":{"start":{"line":177,"column":6},"end":{"line":179,"column":7}},"55":{"start":{"line":178,"column":8},"end":{"line":178,"column":33}},"56":{"start":{"line":180,"column":6},"end":{"line":182,"column":7}},"57":{"start":{"line":181,"column":8},"end":{"line":181,"column":33}},"58":{"start":{"line":183,"column":6},"end":{"line":185,"column":7}},"59":{"start":{"line":184,"column":8},"end":{"line":184,"column":31}},"60":{"start":{"line":186,"column":25},"end":{"line":190,"column":7}},"61":{"start":{"line":191,"column":6},"end":{"line":194,"column":9}},"62":{"start":{"line":196,"column":6},"end":{"line":198,"column":9}},"63":{"start":{"line":203,"column":4},"end":{"line":212,"column":5}},"64":{"start":{"line":204,"column":6},"end":{"line":204,"column":51}},"65":{"start":{"line":205,"column":6},"end":{"line":207,"column":9}},"66":{"start":{"line":209,"column":6},"end":{"line":211,"column":9}},"67":{"start":{"line":216,"column":0},"end":{"line":216,"column":32}}},"fnMap":{"0":{"name":"(anonymous_0)","decl":{"start":{"line":9,"column":12},"end":{"line":9,"column":13}},"loc":{"start":{"line":9,"column":31},"end":{"line":11,"column":3}},"line":9},"1":{"name":"(anonymous_1)","decl":{"start":{"line":18,"column":2},"end":{"line":18,"column":3}},"loc":{"start":{"line":18,"column":37},"end":{"line":30,"column":3}},"line":18},"2":{"name":"(anonymous_2)","decl":{"start":{"line":32,"column":2},"end":{"line":32,"column":3}},"loc":{"start":{"line":32,"column":37},"end":{"line":73,"column":3}},"line":32},"3":{"name":"(anonymous_3)","decl":{"start":{"line":34,"column":23},"end":{"line":34,"column":24}},"loc":{"start":{"line":34,"column":32},"end":{"line":67,"column":7}},"line":34},"4":{"name":"(anonymous_4)","decl":{"start":{"line":75,"column":2},"end":{"line":75,"column":3}},"loc":{"start":{"line":75,"column":40},"end":{"line":112,"column":3}},"line":75},"5":{"name":"(anonymous_5)","decl":{"start":{"line":77,"column":23},"end":{"line":77,"column":24}},"loc":{"start":{"line":77,"column":32},"end":{"line":106,"column":7}},"line":77},"6":{"name":"(anonymous_6)","decl":{"start":{"line":114,"column":2},"end":{"line":114,"column":3}},"loc":{"start":{"line":114,"column":39},"end":{"line":151,"column":3}},"line":114},"7":{"name":"(anonymous_7)","decl":{"start":{"line":154,"column":2},"end":{"line":154,"column":3}},"loc":{"start":{"line":154,"column":36},"end":{"line":171,"column":3}},"line":154},"8":{"name":"(anonymous_8)","decl":{"start":{"line":173,"column":2},"end":{"line":173,"column":3}},"loc":{"start":{"line":173,"column":39},"end":{"line":200,"column":3}},"line":173},"9":{"name":"(anonymous_9)","decl":{"start":{"line":202,"column":2},"end":{"line":202,"column":3}},"loc":{"start":{"line":202,"column":36},"end":{"line":213,"column":3}},"line":202}},"branchMap":{"0":{"loc":{"start":{"line":35,"column":8},"end":{"line":66,"column":9}},"type":"if","locations":[{"start":{"line":35,"column":8},"end":{"line":66,"column":9}},{"start":{"line":37,"column":15},"end":{"line":66,"column":9}}],"line":35},"1":{"loc":{"start":{"line":39,"column":10},"end":{"line":43,"column":11}},"type":"if","locations":[{"start":{"line":39,"column":10},"end":{"line":43,"column":11}},{"start":{},"end":{}}],"line":39},"2":{"loc":{"start":{"line":39,"column":14},"end":{"line":39,"column":39}},"type":"binary-expr","locations":[{"start":{"line":39,"column":14},"end":{"line":39,"column":20}},{"start":{"line":39,"column":24},"end":{"line":39,"column":30}},{"start":{"line":39,"column":34},"end":{"line":39,"column":39}}],"line":39},"3":{"loc":{"start":{"line":49,"column":35},"end":{"line":49,"column":73}},"type":"cond-expr","locations":[{"start":{"line":49,"column":46},"end":{"line":49,"column":59}},{"start":{"line":49,"column":62},"end":{"line":49,"column":73}}],"line":49},"4":{"loc":{"start":{"line":78,"column":8},"end":{"line":105,"column":9}},"type":"if","locations":[{"start":{"line":78,"column":8},"end":{"line":105,"column":9}},{"start":{"line":80,"column":15},"end":{"line":105,"column":9}}],"line":78},"5":{"loc":{"start":{"line":82,"column":10},"end":{"line":86,"column":11}},"type":"if","locations":[{"start":{"line":82,"column":10},"end":{"line":86,"column":11}},{"start":{},"end":{}}],"line":82},"6":{"loc":{"start":{"line":82,"column":14},"end":{"line":82,"column":39}},"type":"binary-expr","locations":[{"start":{"line":82,"column":14},"end":{"line":82,"column":20}},{"start":{"line":82,"column":24},"end":{"line":82,"column":30}},{"start":{"line":82,"column":34},"end":{"line":82,"column":39}}],"line":82},"7":{"loc":{"start":{"line":92,"column":35},"end":{"line":92,"column":73}},"type":"cond-expr","locations":[{"start":{"line":92,"column":46},"end":{"line":92,"column":59}},{"start":{"line":92,"column":62},"end":{"line":92,"column":73}}],"line":92},"8":{"loc":{"start":{"line":118,"column":6},"end":{"line":122,"column":7}},"type":"if","locations":[{"start":{"line":118,"column":6},"end":{"line":122,"column":7}},{"start":{},"end":{}}],"line":118},"9":{"loc":{"start":{"line":125,"column":31},"end":{"line":125,"column":69}},"type":"cond-expr","locations":[{"start":{"line":125,"column":42},"end":{"line":125,"column":55}},{"start":{"line":125,"column":58},"end":{"line":125,"column":69}}],"line":125},"10":{"loc":{"start":{"line":157,"column":6},"end":{"line":162,"column":7}},"type":"if","locations":[{"start":{"line":157,"column":6},"end":{"line":162,"column":7}},{"start":{},"end":{}}],"line":157},"11":{"loc":{"start":{"line":177,"column":6},"end":{"line":179,"column":7}},"type":"if","locations":[{"start":{"line":177,"column":6},"end":{"line":179,"column":7}},{"start":{},"end":{}}],"line":177},"12":{"loc":{"start":{"line":180,"column":6},"end":{"line":182,"column":7}},"type":"if","locations":[{"start":{"line":180,"column":6},"end":{"line":182,"column":7}},{"start":{},"end":{}}],"line":180},"13":{"loc":{"start":{"line":183,"column":6},"end":{"line":185,"column":7}},"type":"if","locations":[{"start":{"line":183,"column":6},"end":{"line":185,"column":7}},{"start":{},"end":{}}],"line":183}},"s":{"0":5,"1":5,"2":5,"3":5,"4":5,"5":0,"6":5,"7":0,"8":0,"9":0,"10":0,"11":0,"12":0,"13":0,"14":0,"15":0,"16":0,"17":0,"18":0,"19":0,"20":0,"21":0,"22":0,"23":0,"24":0,"25":0,"26":0,"27":0,"28":0,"29":0,"30":0,"31":0,"32":0,"33":0,"34":0,"35":0,"36":0,"37":0,"38":0,"39":0,"40":0,"41":0,"42":0,"43":0,"44":0,"45":0,"46":0,"47":0,"48":0,"49":0,"50":0,"51":0,"52":0,"53":0,"54":0,"55":0,"56":0,"57":0,"58":0,"59":0,"60":0,"61":0,"62":0,"63":0,"64":0,"65":0,"66":0,"67":5},"f":{"0":0,"1":0,"2":0,"3":0,"4":0,"5":0,"6":0,"7":0,"8":0,"9":0},"b":{"0":[0,0],"1":[0,0],"2":[0,0,0],"3":[0,0],"4":[0,0],"5":[0,0],"6":[0,0,0],"7":[0,0],"8":[0,0],"9":[0,0],"10":[0,0],"11":[0,0],"12":[0,0],"13":[0,0]},"_coverageSchema":"1a1c01bbd47fc00a2c39e90264f33305004495a9","hash":"0f35ba883767be1b05f216e9e8a36c1cbe285550"}
,"X:\\STUDIES Andela 2024\\node\\node-es6\\src\\controllers\\messagecontroller.js": {"path":"X:\\STUDIES Andela 2024\\node\\node-es6\\src\\controllers\\messagecontroller.js","statementMap":{"0":{"start":{"line":1,"column":18},"end":{"line":1,"column":37}},"1":{"start":{"line":2,"column":17},"end":{"line":2,"column":51}},"2":{"start":{"line":7,"column":4},"end":{"line":40,"column":5}},"3":{"start":{"line":8,"column":40},"end":{"line":8,"column":48}},"4":{"start":{"line":9,"column":19},"end":{"line":9,"column":21}},"5":{"start":{"line":11,"column":6},"end":{"line":13,"column":7}},"6":{"start":{"line":12,"column":8},"end":{"line":12,"column":43}},"7":{"start":{"line":15,"column":6},"end":{"line":17,"column":7}},"8":{"start":{"line":16,"column":8},"end":{"line":16,"column":43}},"9":{"start":{"line":19,"column":6},"end":{"line":23,"column":7}},"10":{"start":{"line":20,"column":8},"end":{"line":22,"column":11}},"11":{"start":{"line":25,"column":26},"end":{"line":29,"column":8}},"12":{"start":{"line":31,"column":6},"end":{"line":34,"column":9}},"13":{"start":{"line":36,"column":6},"end":{"line":36,"column":27}},"14":{"start":{"line":37,"column":6},"end":{"line":39,"column":9}},"15":{"start":{"line":45,"column":4},"end":{"line":55,"column":5}},"16":{"start":{"line":46,"column":26},"end":{"line":46,"column":47}},"17":{"start":{"line":47,"column":6},"end":{"line":50,"column":9}},"18":{"start":{"line":52,"column":6},"end":{"line":54,"column":9}},"19":{"start":{"line":59,"column":4},"end":{"line":68,"column":5}},"20":{"start":{"line":60,"column":6},"end":{"line":60,"column":55}},"21":{"start":{"line":61,"column":6},"end":{"line":63,"column":9}},"22":{"start":{"line":65,"column":6},"end":{"line":67,"column":9}},"23":{"start":{"line":72,"column":0},"end":{"line":72,"column":35}}},"fnMap":{"0":{"name":"(anonymous_0)","decl":{"start":{"line":6,"column":2},"end":{"line":6,"column":3}},"loc":{"start":{"line":6,"column":37},"end":{"line":41,"column":3}},"line":6},"1":{"name":"(anonymous_1)","decl":{"start":{"line":44,"column":2},"end":{"line":44,"column":3}},"loc":{"start":{"line":44,"column":40},"end":{"line":56,"column":3}},"line":44},"2":{"name":"(anonymous_2)","decl":{"start":{"line":58,"column":2},"end":{"line":58,"column":3}},"loc":{"start":{"line":58,"column":39},"end":{"line":69,"column":3}},"line":58}},"branchMap":{"0":{"loc":{"start":{"line":11,"column":6},"end":{"line":13,"column":7}},"type":"if","locations":[{"start":{"line":11,"column":6},"end":{"line":13,"column":7}},{"start":{},"end":{}}],"line":11},"1":{"loc":{"start":{"line":15,"column":6},"end":{"line":17,"column":7}},"type":"if","locations":[{"start":{"line":15,"column":6},"end":{"line":17,"column":7}},{"start":{},"end":{}}],"line":15},"2":{"loc":{"start":{"line":19,"column":6},"end":{"line":23,"column":7}},"type":"if","locations":[{"start":{"line":19,"column":6},"end":{"line":23,"column":7}},{"start":{},"end":{}}],"line":19}},"s":{"0":5,"1":5,"2":0,"3":0,"4":0,"5":0,"6":0,"7":0,"8":0,"9":0,"10":0,"11":0,"12":0,"13":0,"14":0,"15":0,"16":0,"17":0,"18":0,"19":0,"20":0,"21":0,"22":0,"23":5},"f":{"0":0,"1":0,"2":0},"b":{"0":[0,0],"1":[0,0],"2":[0,0]},"_coverageSchema":"1a1c01bbd47fc00a2c39e90264f33305004495a9","hash":"91b74ec737063de7d87ebefd9d205d42b2edf98e"}
,"X:\\STUDIES Andela 2024\\node\\node-es6\\src\\controllers\\portfoliocontrollers.js": {"path":"X:\\STUDIES Andela 2024\\node\\node-es6\\src\\controllers\\portfoliocontrollers.js","statementMap":{"0":{"start":{"line":1,"column":18},"end":{"line":1,"column":54}},"1":{"start":{"line":2,"column":15},"end":{"line":2,"column":32}},"2":{"start":{"line":4,"column":16},"end":{"line":9,"column":2}},"3":{"start":{"line":7,"column":4},"end":{"line":7,"column":32}},"4":{"start":{"line":10,"column":15},"end":{"line":12,"column":27}},"5":{"start":{"line":17,"column":24},"end":{"line":17,"column":46}},"6":{"start":{"line":18,"column":4},"end":{"line":21,"column":7}},"7":{"start":{"line":25,"column":4},"end":{"line":49,"column":5}},"8":{"start":{"line":26,"column":6},"end":{"line":44,"column":9}},"9":{"start":{"line":27,"column":8},"end":{"line":43,"column":9}},"10":{"start":{"line":28,"column":10},"end":{"line":28,"column":27}},"11":{"start":{"line":30,"column":31},"end":{"line":37,"column":12}},"12":{"start":{"line":38,"column":10},"end":{"line":38,"column":30}},"13":{"start":{"line":39,"column":10},"end":{"line":42,"column":13}},"14":{"start":{"line":46,"column":6},"end":{"line":48,"column":9}},"15":{"start":{"line":54,"column":4},"end":{"line":78,"column":5}},"16":{"start":{"line":55,"column":25},"end":{"line":55,"column":72}},"17":{"start":{"line":56,"column":36},"end":{"line":56,"column":44}},"18":{"start":{"line":57,"column":6},"end":{"line":59,"column":7}},"19":{"start":{"line":58,"column":8},"end":{"line":58,"column":31}},"20":{"start":{"line":61,"column":6},"end":{"line":63,"column":7}},"21":{"start":{"line":62,"column":8},"end":{"line":62,"column":45}},"22":{"start":{"line":65,"column":30},"end":{"line":69,"column":7}},"23":{"start":{"line":70,"column":6},"end":{"line":73,"column":9}},"24":{"start":{"line":75,"column":6},"end":{"line":77,"column":9}},"25":{"start":{"line":82,"column":4},"end":{"line":91,"column":5}},"26":{"start":{"line":83,"column":6},"end":{"line":83,"column":56}},"27":{"start":{"line":84,"column":6},"end":{"line":86,"column":9}},"28":{"start":{"line":88,"column":6},"end":{"line":90,"column":9}},"29":{"start":{"line":95,"column":0},"end":{"line":95,"column":37}}},"fnMap":{"0":{"name":"(anonymous_0)","decl":{"start":{"line":6,"column":12},"end":{"line":6,"column":13}},"loc":{"start":{"line":6,"column":31},"end":{"line":8,"column":3}},"line":6},"1":{"name":"(anonymous_1)","decl":{"start":{"line":16,"column":2},"end":{"line":16,"column":3}},"loc":{"start":{"line":16,"column":40},"end":{"line":22,"column":3}},"line":16},"2":{"name":"(anonymous_2)","decl":{"start":{"line":24,"column":2},"end":{"line":24,"column":3}},"loc":{"start":{"line":24,"column":41},"end":{"line":50,"column":3}},"line":24},"3":{"name":"(anonymous_3)","decl":{"start":{"line":26,"column":23},"end":{"line":26,"column":24}},"loc":{"start":{"line":26,"column":32},"end":{"line":44,"column":7}},"line":26},"4":{"name":"(anonymous_4)","decl":{"start":{"line":53,"column":2},"end":{"line":53,"column":3}},"loc":{"start":{"line":53,"column":39},"end":{"line":79,"column":3}},"line":53},"5":{"name":"(anonymous_5)","decl":{"start":{"line":81,"column":2},"end":{"line":81,"column":3}},"loc":{"start":{"line":81,"column":36},"end":{"line":92,"column":3}},"line":81}},"branchMap":{"0":{"loc":{"start":{"line":27,"column":8},"end":{"line":43,"column":9}},"type":"if","locations":[{"start":{"line":27,"column":8},"end":{"line":43,"column":9}},{"start":{"line":29,"column":15},"end":{"line":43,"column":9}}],"line":27},"1":{"loc":{"start":{"line":57,"column":6},"end":{"line":59,"column":7}},"type":"if","locations":[{"start":{"line":57,"column":6},"end":{"line":59,"column":7}},{"start":{},"end":{}}],"line":57},"2":{"loc":{"start":{"line":61,"column":6},"end":{"line":63,"column":7}},"type":"if","locations":[{"start":{"line":61,"column":6},"end":{"line":63,"column":7}},{"start":{},"end":{}}],"line":61}},"s":{"0":5,"1":5,"2":5,"3":0,"4":5,"5":0,"6":0,"7":0,"8":0,"9":0,"10":0,"11":0,"12":0,"13":0,"14":0,"15":0,"16":0,"17":0,"18":0,"19":0,"20":0,"21":0,"22":0,"23":0,"24":0,"25":0,"26":0,"27":0,"28":0,"29":5},"f":{"0":0,"1":0,"2":0,"3":0,"4":0,"5":0},"b":{"0":[0,0],"1":[0,0],"2":[0,0]},"_coverageSchema":"1a1c01bbd47fc00a2c39e90264f33305004495a9","hash":"16d8ab6c223540b852db67c54bb73afb5c2f75c9"}
,"X:\\STUDIES Andela 2024\\node\\node-es6\\src\\controllers\\signupcontroller.js": {"path":"X:\\STUDIES Andela 2024\\node\\node-es6\\src\\controllers\\signupcontroller.js","statementMap":{"0":{"start":{"line":1,"column":12},"end":{"line":1,"column":39}},"1":{"start":{"line":2,"column":13},"end":{"line":2,"column":49}},"2":{"start":{"line":3,"column":13},"end":{"line":3,"column":52}},"3":{"start":{"line":4,"column":15},"end":{"line":4,"column":34}},"4":{"start":{"line":5,"column":19},"end":{"line":5,"column":40}},"5":{"start":{"line":6,"column":15},"end":{"line":6,"column":32}},"6":{"start":{"line":8,"column":0},"end":{"line":8,"column":16}},"7":{"start":{"line":13,"column":23},"end":{"line":13,"column":40}},"8":{"start":{"line":14,"column":4},"end":{"line":18,"column":5}},"9":{"start":{"line":15,"column":6},"end":{"line":17,"column":9}},"10":{"start":{"line":19,"column":4},"end":{"line":22,"column":7}},"11":{"start":{"line":27,"column":4},"end":{"line":77,"column":5}},"12":{"start":{"line":28,"column":57},"end":{"line":28,"column":65}},"13":{"start":{"line":29,"column":24},"end":{"line":29,"column":60}},"14":{"start":{"line":30,"column":6},"end":{"line":34,"column":7}},"15":{"start":{"line":31,"column":8},"end":{"line":33,"column":11}},"16":{"start":{"line":36,"column":19},"end":{"line":36,"column":21}},"17":{"start":{"line":37,"column":6},"end":{"line":39,"column":7}},"18":{"start":{"line":38,"column":8},"end":{"line":38,"column":38}},"19":{"start":{"line":40,"column":6},"end":{"line":46,"column":7}},"20":{"start":{"line":45,"column":8},"end":{"line":45,"column":39}},"21":{"start":{"line":47,"column":6},"end":{"line":50,"column":7}},"22":{"start":{"line":48,"column":8},"end":{"line":49,"column":125}},"23":{"start":{"line":51,"column":6},"end":{"line":53,"column":7}},"24":{"start":{"line":52,"column":8},"end":{"line":52,"column":42}},"25":{"start":{"line":54,"column":6},"end":{"line":58,"column":7}},"26":{"start":{"line":55,"column":8},"end":{"line":57,"column":11}},"27":{"start":{"line":60,"column":27},"end":{"line":60,"column":56}},"28":{"start":{"line":62,"column":19},"end":{"line":68,"column":8}},"29":{"start":{"line":69,"column":6},"end":{"line":72,"column":9}},"30":{"start":{"line":74,"column":6},"end":{"line":76,"column":9}},"31":{"start":{"line":81,"column":4},"end":{"line":97,"column":5}},"32":{"start":{"line":82,"column":25},"end":{"line":82,"column":67}},"33":{"start":{"line":83,"column":6},"end":{"line":89,"column":7}},"34":{"start":{"line":84,"column":8},"end":{"line":88,"column":11}},"35":{"start":{"line":90,"column":6},"end":{"line":92,"column":9}},"36":{"start":{"line":94,"column":6},"end":{"line":96,"column":9}},"37":{"start":{"line":109,"column":4},"end":{"line":138,"column":5}},"38":{"start":{"line":110,"column":25},"end":{"line":110,"column":67}},"39":{"start":{"line":111,"column":68},"end":{"line":111,"column":76}},"40":{"start":{"line":112,"column":6},"end":{"line":114,"column":7}},"41":{"start":{"line":113,"column":8},"end":{"line":113,"column":33}},"42":{"start":{"line":116,"column":6},"end":{"line":119,"column":7}},"43":{"start":{"line":117,"column":29},"end":{"line":117,"column":58}},"44":{"start":{"line":118,"column":8},"end":{"line":118,"column":43}},"45":{"start":{"line":121,"column":6},"end":{"line":123,"column":7}},"46":{"start":{"line":122,"column":8},"end":{"line":122,"column":42}},"47":{"start":{"line":125,"column":25},"end":{"line":129,"column":7}},"48":{"start":{"line":130,"column":6},"end":{"line":133,"column":9}},"49":{"start":{"line":135,"column":6},"end":{"line":137,"column":9}},"50":{"start":{"line":150,"column":4},"end":{"line":159,"column":5}},"51":{"start":{"line":151,"column":6},"end":{"line":151,"column":51}},"52":{"start":{"line":152,"column":6},"end":{"line":154,"column":9}},"53":{"start":{"line":156,"column":6},"end":{"line":158,"column":9}},"54":{"start":{"line":163,"column":4},"end":{"line":197,"column":5}},"55":{"start":{"line":164,"column":34},"end":{"line":164,"column":42}},"56":{"start":{"line":166,"column":24},"end":{"line":166,"column":53}},"57":{"start":{"line":167,"column":6},"end":{"line":167,"column":29}},"58":{"start":{"line":168,"column":6},"end":{"line":172,"column":7}},"59":{"start":{"line":169,"column":8},"end":{"line":171,"column":11}},"60":{"start":{"line":173,"column":30},"end":{"line":176,"column":7}},"61":{"start":{"line":177,"column":6},"end":{"line":181,"column":7}},"62":{"start":{"line":178,"column":8},"end":{"line":180,"column":11}},"63":{"start":{"line":183,"column":4},"end":{"line":183,"column":42}},"64":{"start":{"line":184,"column":20},"end":{"line":188,"column":8}},"65":{"start":{"line":189,"column":6},"end":{"line":189,"column":45}},"66":{"start":{"line":190,"column":6},"end":{"line":192,"column":9}},"67":{"start":{"line":194,"column":6},"end":{"line":196,"column":9}},"68":{"start":{"line":209,"column":4},"end":{"line":251,"column":5}},"69":{"start":{"line":210,"column":31},"end":{"line":210,"column":39}},"70":{"start":{"line":211,"column":30},"end":{"line":211,"column":59}},"71":{"start":{"line":212,"column":6},"end":{"line":216,"column":7}},"72":{"start":{"line":213,"column":8},"end":{"line":215,"column":11}},"73":{"start":{"line":217,"column":18},"end":{"line":220,"column":8}},"74":{"start":{"line":221,"column":26},"end":{"line":227,"column":8}},"75":{"start":{"line":229,"column":12},"end":{"line":229,"column":175}},"76":{"start":{"line":230,"column":21},"end":{"line":230,"column":51}},"77":{"start":{"line":231,"column":26},"end":{"line":236,"column":7}},"78":{"start":{"line":238,"column":19},"end":{"line":238,"column":58}},"79":{"start":{"line":240,"column":6},"end":{"line":240,"column":50}},"80":{"start":{"line":242,"column":6},"end":{"line":244,"column":9}},"81":{"start":{"line":246,"column":6},"end":{"line":246,"column":51}},"82":{"start":{"line":248,"column":6},"end":{"line":250,"column":9}},"83":{"start":{"line":264,"column":26},"end":{"line":264,"column":43}},"84":{"start":{"line":265,"column":4},"end":{"line":269,"column":5}},"85":{"start":{"line":266,"column":6},"end":{"line":268,"column":9}},"86":{"start":{"line":270,"column":4},"end":{"line":273,"column":7}},"87":{"start":{"line":277,"column":0},"end":{"line":277,"column":38}}},"fnMap":{"0":{"name":"(anonymous_0)","decl":{"start":{"line":11,"column":2},"end":{"line":11,"column":3}},"loc":{"start":{"line":11,"column":43},"end":{"line":23,"column":3}},"line":11},"1":{"name":"(anonymous_1)","decl":{"start":{"line":26,"column":2},"end":{"line":26,"column":3}},"loc":{"start":{"line":26,"column":38},"end":{"line":78,"column":3}},"line":26},"2":{"name":"(anonymous_2)","decl":{"start":{"line":80,"column":2},"end":{"line":80,"column":3}},"loc":{"start":{"line":80,"column":36},"end":{"line":98,"column":3}},"line":80},"3":{"name":"(anonymous_3)","decl":{"start":{"line":108,"column":2},"end":{"line":108,"column":3}},"loc":{"start":{"line":108,"column":36},"end":{"line":139,"column":3}},"line":108},"4":{"name":"(anonymous_4)","decl":{"start":{"line":149,"column":2},"end":{"line":149,"column":3}},"loc":{"start":{"line":149,"column":36},"end":{"line":160,"column":3}},"line":149},"5":{"name":"(anonymous_5)","decl":{"start":{"line":162,"column":2},"end":{"line":162,"column":3}},"loc":{"start":{"line":162,"column":35},"end":{"line":198,"column":3}},"line":162},"6":{"name":"(anonymous_6)","decl":{"start":{"line":208,"column":2},"end":{"line":208,"column":3}},"loc":{"start":{"line":208,"column":35},"end":{"line":252,"column":3}},"line":208},"7":{"name":"(anonymous_7)","decl":{"start":{"line":262,"column":2},"end":{"line":262,"column":3}},"loc":{"start":{"line":262,"column":43},"end":{"line":274,"column":3}},"line":262}},"branchMap":{"0":{"loc":{"start":{"line":14,"column":4},"end":{"line":18,"column":5}},"type":"if","locations":[{"start":{"line":14,"column":4},"end":{"line":18,"column":5}},{"start":{},"end":{}}],"line":14},"1":{"loc":{"start":{"line":30,"column":6},"end":{"line":34,"column":7}},"type":"if","locations":[{"start":{"line":30,"column":6},"end":{"line":34,"column":7}},{"start":{},"end":{}}],"line":30},"2":{"loc":{"start":{"line":37,"column":6},"end":{"line":39,"column":7}},"type":"if","locations":[{"start":{"line":37,"column":6},"end":{"line":39,"column":7}},{"start":{},"end":{}}],"line":37},"3":{"loc":{"start":{"line":40,"column":6},"end":{"line":46,"column":7}},"type":"if","locations":[{"start":{"line":40,"column":6},"end":{"line":46,"column":7}},{"start":{},"end":{}}],"line":40},"4":{"loc":{"start":{"line":47,"column":6},"end":{"line":50,"column":7}},"type":"if","locations":[{"start":{"line":47,"column":6},"end":{"line":50,"column":7}},{"start":{},"end":{}}],"line":47},"5":{"loc":{"start":{"line":51,"column":6},"end":{"line":53,"column":7}},"type":"if","locations":[{"start":{"line":51,"column":6},"end":{"line":53,"column":7}},{"start":{},"end":{}}],"line":51},"6":{"loc":{"start":{"line":54,"column":6},"end":{"line":58,"column":7}},"type":"if","locations":[{"start":{"line":54,"column":6},"end":{"line":58,"column":7}},{"start":{},"end":{}}],"line":54},"7":{"loc":{"start":{"line":83,"column":6},"end":{"line":89,"column":7}},"type":"if","locations":[{"start":{"line":83,"column":6},"end":{"line":89,"column":7}},{"start":{},"end":{}}],"line":83},"8":{"loc":{"start":{"line":112,"column":6},"end":{"line":114,"column":7}},"type":"if","locations":[{"start":{"line":112,"column":6},"end":{"line":114,"column":7}},{"start":{},"end":{}}],"line":112},"9":{"loc":{"start":{"line":116,"column":6},"end":{"line":119,"column":7}},"type":"if","locations":[{"start":{"line":116,"column":6},"end":{"line":119,"column":7}},{"start":{},"end":{}}],"line":116},"10":{"loc":{"start":{"line":121,"column":6},"end":{"line":123,"column":7}},"type":"if","locations":[{"start":{"line":121,"column":6},"end":{"line":123,"column":7}},{"start":{},"end":{}}],"line":121},"11":{"loc":{"start":{"line":168,"column":6},"end":{"line":172,"column":7}},"type":"if","locations":[{"start":{"line":168,"column":6},"end":{"line":172,"column":7}},{"start":{},"end":{}}],"line":168},"12":{"loc":{"start":{"line":177,"column":6},"end":{"line":181,"column":7}},"type":"if","locations":[{"start":{"line":177,"column":6},"end":{"line":181,"column":7}},{"start":{},"end":{}}],"line":177},"13":{"loc":{"start":{"line":212,"column":6},"end":{"line":216,"column":7}},"type":"if","locations":[{"start":{"line":212,"column":6},"end":{"line":216,"column":7}},{"start":{},"end":{}}],"line":212},"14":{"loc":{"start":{"line":265,"column":4},"end":{"line":269,"column":5}},"type":"if","locations":[{"start":{"line":265,"column":4},"end":{"line":269,"column":5}},{"start":{},"end":{}}],"line":265}},"s":{"0":5,"1":5,"2":5,"3":5,"4":5,"5":5,"6":5,"7":0,"8":0,"9":0,"10":0,"11":7,"12":7,"13":7,"14":5,"15":0,"16":5,"17":5,"18":0,"19":5,"20":1,"21":5,"22":3,"23":5,"24":3,"25":5,"26":4,"27":1,"28":1,"29":1,"30":2,"31":0,"32":0,"33":0,"34":0,"35":0,"36":0,"37":0,"38":0,"39":0,"40":0,"41":0,"42":0,"43":0,"44":0,"45":0,"46":0,"47":0,"48":0,"49":0,"50":0,"51":0,"52":0,"53":0,"54":1,"55":1,"56":1,"57":0,"58":0,"59":0,"60":0,"61":0,"62":0,"63":0,"64":0,"65":0,"66":0,"67":0,"68":0,"69":0,"70":0,"71":0,"72":0,"73":0,"74":0,"75":0,"76":0,"77":0,"78":0,"79":0,"80":0,"81":0,"82":0,"83":0,"84":0,"85":0,"86":0,"87":5},"f":{"0":0,"1":7,"2":0,"3":0,"4":0,"5":1,"6":0,"7":0},"b":{"0":[0,0],"1":[0,5],"2":[0,5],"3":[1,4],"4":[3,2],"5":[3,2],"6":[4,1],"7":[0,0],"8":[0,0],"9":[0,0],"10":[0,0],"11":[0,0],"12":[0,0],"13":[0,0],"14":[0,0]},"_coverageSchema":"1a1c01bbd47fc00a2c39e90264f33305004495a9","hash":"39c8e8b1e67d37d50a358e044443518edebb7642"}
,"X:\\STUDIES Andela 2024\\node\\node-es6\\src\\database\\connection.js": {"path":"X:\\STUDIES Andela 2024\\node\\node-es6\\src\\database\\connection.js","statementMap":{"0":{"start":{"line":1,"column":17},"end":{"line":1,"column":37}},"1":{"start":{"line":2,"column":15},"end":{"line":2,"column":32}},"2":{"start":{"line":4,"column":0},"end":{"line":4,"column":16}},"3":{"start":{"line":7,"column":18},"end":{"line":10,"column":60}},"4":{"start":{"line":9,"column":28},"end":{"line":9,"column":74}},"5":{"start":{"line":10,"column":26},"end":{"line":10,"column":59}},"6":{"start":{"line":13,"column":0},"end":{"line":13,"column":27}}},"fnMap":{"0":{"name":"(anonymous_0)","decl":{"start":{"line":9,"column":16},"end":{"line":9,"column":17}},"loc":{"start":{"line":9,"column":28},"end":{"line":9,"column":74}},"line":9},"1":{"name":"(anonymous_1)","decl":{"start":{"line":10,"column":17},"end":{"line":10,"column":18}},"loc":{"start":{"line":10,"column":26},"end":{"line":10,"column":59}},"line":10}},"branchMap":{},"s":{"0":5,"1":5,"2":5,"3":5,"4":0,"5":0,"6":5},"f":{"0":0,"1":0},"b":{},"_coverageSchema":"1a1c01bbd47fc00a2c39e90264f33305004495a9","hash":"24f84a492d2b29d25cc988aa7e8bb088283c4f70"}
,"X:\\STUDIES Andela 2024\\node\\node-es6\\src\\helper\\jwt.js": {"path":"X:\\STUDIES Andela 2024\\node\\node-es6\\src\\helper\\jwt.js","statementMap":{"0":{"start":{"line":1,"column":12},"end":{"line":1,"column":35}},"1":{"start":{"line":2,"column":15},"end":{"line":2,"column":32}},"2":{"start":{"line":4,"column":0},"end":{"line":4,"column":16}},"3":{"start":{"line":9,"column":25},"end":{"line":12,"column":5}},"4":{"start":{"line":14,"column":4},"end":{"line":16,"column":7}},"5":{"start":{"line":19,"column":0},"end":{"line":19,"column":21}}},"fnMap":{"0":{"name":"(anonymous_0)","decl":{"start":{"line":7,"column":2},"end":{"line":7,"column":3}},"loc":{"start":{"line":7,"column":39},"end":{"line":17,"column":3}},"line":7}},"branchMap":{"0":{"loc":{"start":{"line":7,"column":27},"end":{"line":7,"column":37}},"type":"default-arg","locations":[{"start":{"line":7,"column":33},"end":{"line":7,"column":37}}],"line":7}},"s":{"0":5,"1":5,"2":5,"3":0,"4":0,"5":5},"f":{"0":0},"b":{"0":[0]},"_coverageSchema":"1a1c01bbd47fc00a2c39e90264f33305004495a9","hash":"502e9682fcde3e91a75c38e9348892dcc43606bb"}
,"X:\\STUDIES Andela 2024\\node\\node-es6\\src\\middleware\\authmiddleware.js": {"path":"X:\\STUDIES Andela 2024\\node\\node-es6\\src\\middleware\\authmiddleware.js","statementMap":{"0":{"start":{"line":1,"column":12},"end":{"line":1,"column":35}},"1":{"start":{"line":5,"column":4},"end":{"line":30,"column":5}},"2":{"start":{"line":6,"column":30},"end":{"line":6,"column":41}},"3":{"start":{"line":7,"column":4},"end":{"line":12,"column":5}},"4":{"start":{"line":8,"column":6},"end":{"line":11,"column":9}},"5":{"start":{"line":13,"column":18},"end":{"line":13,"column":45}},"6":{"start":{"line":14,"column":4},"end":{"line":19,"column":5}},"7":{"start":{"line":15,"column":6},"end":{"line":18,"column":9}},"8":{"start":{"line":20,"column":22},"end":{"line":20,"column":43}},"9":{"start":{"line":21,"column":17},"end":{"line":21,"column":45}},"10":{"start":{"line":22,"column":4},"end":{"line":22,"column":20}},"11":{"start":{"line":24,"column":4},"end":{"line":24,"column":11}},"12":{"start":{"line":26,"column":6},"end":{"line":29,"column":9}},"13":{"start":{"line":35,"column":4},"end":{"line":50,"column":5}},"14":{"start":{"line":36,"column":19},"end":{"line":36,"column":27}},"15":{"start":{"line":37,"column":6},"end":{"line":39,"column":7}},"16":{"start":{"line":38,"column":8},"end":{"line":38,"column":22}},"17":{"start":{"line":40,"column":6},"end":{"line":43,"column":9}},"18":{"start":{"line":46,"column":6},"end":{"line":49,"column":9}},"19":{"start":{"line":54,"column":0},"end":{"line":54,"column":32}}},"fnMap":{"0":{"name":"(anonymous_0)","decl":{"start":{"line":4,"column":2},"end":{"line":4,"column":3}},"loc":{"start":{"line":4,"column":46},"end":{"line":32,"column":3}},"line":4},"1":{"name":"(anonymous_1)","decl":{"start":{"line":34,"column":2},"end":{"line":34,"column":3}},"loc":{"start":{"line":34,"column":38},"end":{"line":51,"column":3}},"line":34}},"branchMap":{"0":{"loc":{"start":{"line":7,"column":4},"end":{"line":12,"column":5}},"type":"if","locations":[{"start":{"line":7,"column":4},"end":{"line":12,"column":5}},{"start":{},"end":{}}],"line":7},"1":{"loc":{"start":{"line":14,"column":4},"end":{"line":19,"column":5}},"type":"if","locations":[{"start":{"line":14,"column":4},"end":{"line":19,"column":5}},{"start":{},"end":{}}],"line":14},"2":{"loc":{"start":{"line":37,"column":6},"end":{"line":39,"column":7}},"type":"if","locations":[{"start":{"line":37,"column":6},"end":{"line":39,"column":7}},{"start":{},"end":{}}],"line":37}},"s":{"0":5,"1":1,"2":1,"3":1,"4":1,"5":0,"6":0,"7":0,"8":0,"9":0,"10":0,"11":0,"12":0,"13":0,"14":0,"15":0,"16":0,"17":0,"18":0,"19":5},"f":{"0":1,"1":0},"b":{"0":[1,0],"1":[0,0],"2":[0,0]},"_coverageSchema":"1a1c01bbd47fc00a2c39e90264f33305004495a9","hash":"c04973f745445c88f932464f34b35c5a5d029d5b"}
,"X:\\STUDIES Andela 2024\\node\\node-es6\\src\\models\\blogschema.js": {"path":"X:\\STUDIES Andela 2024\\node\\node-es6\\src\\models\\blogschema.js","statementMap":{"0":{"start":{"line":1,"column":17},"end":{"line":1,"column":36}},"1":{"start":{"line":4,"column":19},"end":{"line":30,"column":2}},"2":{"start":{"line":34,"column":0},"end":{"line":34,"column":50}}},"fnMap":{},"branchMap":{},"s":{"0":5,"1":5,"2":5},"f":{},"b":{},"_coverageSchema":"1a1c01bbd47fc00a2c39e90264f33305004495a9","hash":"a2b68c150e340b7287c8787da23fd89853e00268"}
,"X:\\STUDIES Andela 2024\\node\\node-es6\\src\\models\\blogtestschema.js": {"path":"X:\\STUDIES Andela 2024\\node\\node-es6\\src\\models\\blogtestschema.js","statementMap":{"0":{"start":{"line":1,"column":17},"end":{"line":1,"column":36}},"1":{"start":{"line":4,"column":23},"end":{"line":26,"column":2}},"2":{"start":{"line":30,"column":0},"end":{"line":30,"column":58}}},"fnMap":{},"branchMap":{},"s":{"0":1,"1":1,"2":1},"f":{},"b":{},"_coverageSchema":"1a1c01bbd47fc00a2c39e90264f33305004495a9","hash":"88c343b352737668400bfbc72c600738c5c83e85"}
,"X:\\STUDIES Andela 2024\\node\\node-es6\\src\\models\\messageschema.js": {"path":"X:\\STUDIES Andela 2024\\node\\node-es6\\src\\models\\messageschema.js","statementMap":{"0":{"start":{"line":1,"column":17},"end":{"line":1,"column":36}},"1":{"start":{"line":3,"column":22},"end":{"line":7,"column":2}},"2":{"start":{"line":9,"column":0},"end":{"line":9,"column":59}}},"fnMap":{},"branchMap":{},"s":{"0":5,"1":5,"2":5},"f":{},"b":{},"_coverageSchema":"1a1c01bbd47fc00a2c39e90264f33305004495a9","hash":"27a35f0423f0efcb046498805d9e6dd7b0b7843f"}
,"X:\\STUDIES Andela 2024\\node\\node-es6\\src\\models\\portfolioschema.js": {"path":"X:\\STUDIES Andela 2024\\node\\node-es6\\src\\models\\portfolioschema.js","statementMap":{"0":{"start":{"line":1,"column":17},"end":{"line":1,"column":36}},"1":{"start":{"line":3,"column":24},"end":{"line":10,"column":2}},"2":{"start":{"line":12,"column":0},"end":{"line":12,"column":62}}},"fnMap":{},"branchMap":{},"s":{"0":5,"1":5,"2":5},"f":{},"b":{},"_coverageSchema":"1a1c01bbd47fc00a2c39e90264f33305004495a9","hash":"0915e2adb1051201eb3f34e53c2a581eff4e2be9"}
,"X:\\STUDIES Andela 2024\\node\\node-es6\\src\\models\\signupschema.js": {"path":"X:\\STUDIES Andela 2024\\node\\node-es6\\src\\models\\signupschema.js","statementMap":{"0":{"start":{"line":1,"column":17},"end":{"line":1,"column":36}},"1":{"start":{"line":4,"column":21},"end":{"line":26,"column":2}},"2":{"start":{"line":28,"column":13},"end":{"line":28,"column":49}},"3":{"start":{"line":30,"column":0},"end":{"line":30,"column":22}}},"fnMap":{},"branchMap":{},"s":{"0":5,"1":5,"2":5,"3":5},"f":{},"b":{},"_coverageSchema":"1a1c01bbd47fc00a2c39e90264f33305004495a9","hash":"c1a8da7fb8d9623b9b8f55205553d9b845f3d15a"}
,"X:\\STUDIES Andela 2024\\node\\node-es6\\src\\models\\subscribeschema.js": {"path":"X:\\STUDIES Andela 2024\\node\\node-es6\\src\\models\\subscribeschema.js","statementMap":{"0":{"start":{"line":1,"column":17},"end":{"line":1,"column":36}},"1":{"start":{"line":3,"column":18},"end":{"line":7,"column":2}},"2":{"start":{"line":9,"column":0},"end":{"line":9,"column":57}}},"fnMap":{},"branchMap":{},"s":{"0":5,"1":5,"2":5},"f":{},"b":{},"_coverageSchema":"1a1c01bbd47fc00a2c39e90264f33305004495a9","hash":"e3d057d31ff530ce9893b230bdbbe156a7994e1e"}
,"X:\\STUDIES Andela 2024\\node\\node-es6\\src\\routes\\blogroutes.js": {"path":"X:\\STUDIES Andela 2024\\node\\node-es6\\src\\routes\\blogroutes.js","statementMap":{"0":{"start":{"line":1,"column":16},"end":{"line":1,"column":34}},"1":{"start":{"line":2,"column":13},"end":{"line":2,"column":47}},"2":{"start":{"line":3,"column":23},"end":{"line":3,"column":65}},"3":{"start":{"line":4,"column":15},"end":{"line":4,"column":31}},"4":{"start":{"line":5,"column":23},"end":{"line":5,"column":66}},"5":{"start":{"line":53,"column":0},"end":{"line":53,"column":27}},"6":{"start":{"line":56,"column":0},"end":{"line":56,"column":49}},"7":{"start":{"line":111,"column":0},"end":{"line":116,"column":2}},"8":{"start":{"line":118,"column":0},"end":{"line":123,"column":2}},"9":{"start":{"line":169,"column":0},"end":{"line":173,"column":2}},"10":{"start":{"line":253,"column":0},"end":{"line":258,"column":2}},"11":{"start":{"line":305,"column":0},"end":{"line":310,"column":2}},"12":{"start":{"line":359,"column":0},"end":{"line":363,"column":2}},"13":{"start":{"line":365,"column":0},"end":{"line":365,"column":24}}},"fnMap":{},"branchMap":{},"s":{"0":5,"1":5,"2":5,"3":5,"4":5,"5":5,"6":5,"7":5,"8":5,"9":5,"10":5,"11":5,"12":5,"13":5},"f":{},"b":{},"_coverageSchema":"1a1c01bbd47fc00a2c39e90264f33305004495a9","hash":"e4aa9c0b7b607f43693f3d0c08d00cefd4904a9b"}
,"X:\\STUDIES Andela 2024\\node\\node-es6\\src\\routes\\messageroutes.js": {"path":"X:\\STUDIES Andela 2024\\node\\node-es6\\src\\routes\\messageroutes.js","statementMap":{"0":{"start":{"line":1,"column":16},"end":{"line":1,"column":34}},"1":{"start":{"line":3,"column":23},"end":{"line":3,"column":65}},"2":{"start":{"line":4,"column":22},"end":{"line":4,"column":38}},"3":{"start":{"line":5,"column":26},"end":{"line":5,"column":72}},"4":{"start":{"line":7,"column":0},"end":{"line":7,"column":34}},"5":{"start":{"line":63,"column":0},"end":{"line":63,"column":66}},"6":{"start":{"line":99,"column":0},"end":{"line":100,"column":60}},"7":{"start":{"line":142,"column":0},"end":{"line":143,"column":59}},"8":{"start":{"line":145,"column":0},"end":{"line":145,"column":31}}},"fnMap":{},"branchMap":{},"s":{"0":5,"1":5,"2":5,"3":5,"4":5,"5":5,"6":5,"7":5,"8":5},"f":{},"b":{},"_coverageSchema":"1a1c01bbd47fc00a2c39e90264f33305004495a9","hash":"822cc9f45586eba2097efac1a0edd7cf2e296617"}
,"X:\\STUDIES Andela 2024\\node\\node-es6\\src\\routes\\portfolioroutes.js": {"path":"X:\\STUDIES Andela 2024\\node\\node-es6\\src\\routes\\portfolioroutes.js","statementMap":{"0":{"start":{"line":1,"column":17},"end":{"line":1,"column":36}},"1":{"start":{"line":2,"column":16},"end":{"line":2,"column":34}},"2":{"start":{"line":3,"column":18},"end":{"line":3,"column":54}},"3":{"start":{"line":4,"column":17},"end":{"line":4,"column":39}},"4":{"start":{"line":5,"column":24},"end":{"line":5,"column":40}},"5":{"start":{"line":6,"column":23},"end":{"line":6,"column":65}},"6":{"start":{"line":7,"column":28},"end":{"line":7,"column":74}},"7":{"start":{"line":9,"column":0},"end":{"line":9,"column":36}},"8":{"start":{"line":47,"column":0},"end":{"line":47,"column":69}},"9":{"start":{"line":117,"column":0},"end":{"line":122,"column":2}},"10":{"start":{"line":206,"column":0},"end":{"line":211,"column":2}},"11":{"start":{"line":267,"column":0},"end":{"line":272,"column":2}},"12":{"start":{"line":274,"column":0},"end":{"line":274,"column":33}}},"fnMap":{},"branchMap":{},"s":{"0":5,"1":5,"2":5,"3":5,"4":5,"5":5,"6":5,"7":5,"8":5,"9":5,"10":5,"11":5,"12":5},"f":{},"b":{},"_coverageSchema":"1a1c01bbd47fc00a2c39e90264f33305004495a9","hash":"99a5e3c53a96a7be1d4245b1239c324289c41d26"}
,"X:\\STUDIES Andela 2024\\node\\node-es6\\src\\routes\\usersignuproutes.js": {"path":"X:\\STUDIES Andela 2024\\node\\node-es6\\src\\routes\\usersignuproutes.js","statementMap":{"0":{"start":{"line":1,"column":16},"end":{"line":1,"column":34}},"1":{"start":{"line":3,"column":23},"end":{"line":3,"column":65}},"2":{"start":{"line":4,"column":21},"end":{"line":4,"column":37}},"3":{"start":{"line":5,"column":23},"end":{"line":5,"column":68}},"4":{"start":{"line":7,"column":0},"end":{"line":7,"column":33}},"5":{"start":{"line":47,"column":0},"end":{"line":52,"column":2}},"6":{"start":{"line":110,"column":0},"end":{"line":110,"column":56}},"7":{"start":{"line":159,"column":0},"end":{"line":164,"column":2}},"8":{"start":{"line":242,"column":0},"end":{"line":246,"column":2}},"9":{"start":{"line":302,"column":0},"end":{"line":307,"column":2}},"10":{"start":{"line":353,"column":0},"end":{"line":353,"column":54}},"11":{"start":{"line":405,"column":0},"end":{"line":405,"column":58}},"12":{"start":{"line":455,"column":0},"end":{"line":460,"column":2}},"13":{"start":{"line":462,"column":0},"end":{"line":462,"column":30}}},"fnMap":{},"branchMap":{},"s":{"0":5,"1":5,"2":5,"3":5,"4":5,"5":5,"6":5,"7":5,"8":5,"9":5,"10":5,"11":5,"12":5,"13":5},"f":{},"b":{},"_coverageSchema":"1a1c01bbd47fc00a2c39e90264f33305004495a9","hash":"cfb76cb55cb0fba56d492e4611c8d3ec89b02530"}
}
