{"X:\\STUDIES Andela 2024\\node\\node-es6\\src\\index.js": {"path":"X:\\STUDIES Andela 2024\\node\\node-es6\\src\\index.js","statementMap":{"0":{"start":{"line":1,"column":16},"end":{"line":1,"column":34}},"1":{"start":{"line":2,"column":15},"end":{"line":2,"column":32}},"2":{"start":{"line":3,"column":18},"end":{"line":3,"column":53}},"3":{"start":{"line":4,"column":15},"end":{"line":4,"column":48}},"4":{"start":{"line":5,"column":21},"end":{"line":5,"column":60}},"5":{"start":{"line":6,"column":22},"end":{"line":6,"column":58}},"6":{"start":{"line":7,"column":24},"end":{"line":7,"column":62}},"7":{"start":{"line":8,"column":15},"end":{"line":8,"column":32}},"8":{"start":{"line":10,"column":21},"end":{"line":10,"column":44}},"9":{"start":{"line":11,"column":18},"end":{"line":11,"column":47}},"10":{"start":{"line":12,"column":12},"end":{"line":12,"column":21}},"11":{"start":{"line":13,"column":0},"end":{"line":13,"column":16}},"12":{"start":{"line":14,"column":0},"end":{"line":14,"column":10}},"13":{"start":{"line":16,"column":0},"end":{"line":16,"column":69}},"14":{"start":{"line":19,"column":0},"end":{"line":19,"column":21}},"15":{"start":{"line":20,"column":0},"end":{"line":20,"column":27}},"16":{"start":{"line":21,"column":0},"end":{"line":21,"column":28}},"17":{"start":{"line":22,"column":0},"end":{"line":22,"column":30}},"18":{"start":{"line":24,"column":0},"end":{"line":26,"column":3}},"19":{"start":{"line":25,"column":2},"end":{"line":25,"column":44}},"20":{"start":{"line":27,"column":0},"end":{"line":29,"column":3}},"21":{"start":{"line":28,"column":2},"end":{"line":28,"column":44}},"22":{"start":{"line":31,"column":13},"end":{"line":31,"column":37}},"23":{"start":{"line":32,"column":17},"end":{"line":32,"column":28}},"24":{"start":{"line":33,"column":0},"end":{"line":35,"column":3}},"25":{"start":{"line":34,"column":2},"end":{"line":34,"column":67}}},"fnMap":{"0":{"name":"(anonymous_0)","decl":{"start":{"line":24,"column":13},"end":{"line":24,"column":14}},"loc":{"start":{"line":24,"column":27},"end":{"line":26,"column":1}},"line":24},"1":{"name":"(anonymous_1)","decl":{"start":{"line":27,"column":13},"end":{"line":27,"column":14}},"loc":{"start":{"line":27,"column":27},"end":{"line":29,"column":1}},"line":27},"2":{"name":"(anonymous_2)","decl":{"start":{"line":33,"column":34},"end":{"line":33,"column":35}},"loc":{"start":{"line":33,"column":40},"end":{"line":35,"column":1}},"line":33}},"branchMap":{"0":{"loc":{"start":{"line":31,"column":13},"end":{"line":31,"column":37}},"type":"binary-expr","locations":[{"start":{"line":31,"column":13},"end":{"line":31,"column":29}},{"start":{"line":31,"column":33},"end":{"line":31,"column":37}}],"line":31}},"s":{"0":5,"1":5,"2":5,"3":5,"4":5,"5":5,"6":5,"7":5,"8":5,"9":5,"10":5,"11":5,"12":5,"13":5,"14":5,"15":5,"16":5,"17":5,"18":5,"19":0,"20":5,"21":4,"22":5,"23":5,"24":5,"25":5},"f":{"0":0,"1":4,"2":5},"b":{"0":[5,0]},"_coverageSchema":"1a1c01bbd47fc00a2c39e90264f33305004495a9","hash":"ebfd9e227360aab73fb4370289cffc3898ef48e3"}
,"X:\\STUDIES Andela 2024\\node\\node-es6\\src\\swagger.js": {"path":"X:\\STUDIES Andela 2024\\node\\node-es6\\src\\swagger.js","statementMap":{"0":{"start":{"line":1,"column":21},"end":{"line":1,"column":45}},"1":{"start":{"line":2,"column":13},"end":{"line":2,"column":28}},"2":{"start":{"line":5,"column":23},"end":{"line":34,"column":1}},"3":{"start":{"line":36,"column":14},"end":{"line":36,"column":42}},"4":{"start":{"line":39,"column":0},"end":{"line":39,"column":23}}},"fnMap":{},"branchMap":{},"s":{"0":5,"1":5,"2":5,"3":5,"4":5},"f":{},"b":{},"_coverageSchema":"1a1c01bbd47fc00a2c39e90264f33305004495a9","hash":"3688807846eeeb0ae74f07eca75869fee66b3f9d"}
,"X:\\STUDIES Andela 2024\\node\\node-es6\\src\\controllers\\blogcontroller.js": {"path":"X:\\STUDIES Andela 2024\\node\\node-es6\\src\\controllers\\blogcontroller.js","statementMap":{"0":{"start":{"line":1,"column":13},"end":{"line":1,"column":47}},"1":{"start":{"line":3,"column":17},"end":{"line":3,"column":36}},"2":{"start":{"line":4,"column":17},"end":{"line":4,"column":40}},"3":{"start":{"line":5,"column":15},"end":{"line":5,"column":32}},"4":{"start":{"line":7,"column":16},"end":{"line":12,"column":2}},"5":{"start":{"line":10,"column":4},"end":{"line":10,"column":32}},"6":{"start":{"line":13,"column":15},"end":{"line":15,"column":18}},"7":{"start":{"line":19,"column":18},"end":{"line":19,"column":35}},"8":{"start":{"line":26,"column":4},"end":{"line":29,"column":7}},"9":{"start":{"line":59,"column":4},"end":{"line":97,"column":5}},"10":{"start":{"line":60,"column":6},"end":{"line":92,"column":9}},"11":{"start":{"line":61,"column":8},"end":{"line":91,"column":9}},"12":{"start":{"line":62,"column":10},"end":{"line":62,"column":27}},"13":{"start":{"line":64,"column":49},"end":{"line":64,"column":57}},"14":{"start":{"line":65,"column":10},"end":{"line":69,"column":11}},"15":{"start":{"line":66,"column":12},"end":{"line":68,"column":15}},"16":{"start":{"line":75,"column":27},"end":{"line":85,"column":12}},"17":{"start":{"line":86,"column":10},"end":{"line":86,"column":26}},"18":{"start":{"line":87,"column":10},"end":{"line":90,"column":13}},"19":{"start":{"line":94,"column":6},"end":{"line":96,"column":9}},"20":{"start":{"line":101,"column":4},"end":{"line":136,"column":5}},"21":{"start":{"line":102,"column":33},"end":{"line":102,"column":41}},"22":{"start":{"line":103,"column":21},"end":{"line":103,"column":34}},"23":{"start":{"line":104,"column":6},"end":{"line":108,"column":7}},"24":{"start":{"line":105,"column":8},"end":{"line":107,"column":11}},"25":{"start":{"line":109,"column":27},"end":{"line":109,"column":47}},"26":{"start":{"line":112,"column":26},"end":{"line":116,"column":7}},"27":{"start":{"line":118,"column":25},"end":{"line":126,"column":7}},"28":{"start":{"line":127,"column":6},"end":{"line":130,"column":9}},"29":{"start":{"line":132,"column":6},"end":{"line":132,"column":27}},"30":{"start":{"line":133,"column":6},"end":{"line":135,"column":9}},"31":{"start":{"line":141,"column":4},"end":{"line":156,"column":5}},"32":{"start":{"line":142,"column":25},"end":{"line":142,"column":67}},"33":{"start":{"line":143,"column":6},"end":{"line":148,"column":7}},"34":{"start":{"line":144,"column":8},"end":{"line":147,"column":11}},"35":{"start":{"line":149,"column":6},"end":{"line":151,"column":9}},"36":{"start":{"line":153,"column":6},"end":{"line":155,"column":9}},"37":{"start":{"line":160,"column":4},"end":{"line":188,"column":5}},"38":{"start":{"line":161,"column":25},"end":{"line":161,"column":67}},"39":{"start":{"line":162,"column":45},"end":{"line":162,"column":53}},"40":{"start":{"line":163,"column":6},"end":{"line":165,"column":7}},"41":{"start":{"line":164,"column":8},"end":{"line":164,"column":33}},"42":{"start":{"line":166,"column":6},"end":{"line":168,"column":7}},"43":{"start":{"line":167,"column":8},"end":{"line":167,"column":35}},"44":{"start":{"line":169,"column":6},"end":{"line":171,"column":7}},"45":{"start":{"line":170,"column":8},"end":{"line":170,"column":33}},"46":{"start":{"line":172,"column":6},"end":{"line":174,"column":7}},"47":{"start":{"line":173,"column":8},"end":{"line":173,"column":31}},"48":{"start":{"line":175,"column":25},"end":{"line":179,"column":7}},"49":{"start":{"line":180,"column":6},"end":{"line":183,"column":9}},"50":{"start":{"line":185,"column":6},"end":{"line":187,"column":9}},"51":{"start":{"line":192,"column":4},"end":{"line":201,"column":5}},"52":{"start":{"line":193,"column":6},"end":{"line":193,"column":51}},"53":{"start":{"line":194,"column":6},"end":{"line":196,"column":9}},"54":{"start":{"line":198,"column":6},"end":{"line":200,"column":9}},"55":{"start":{"line":205,"column":0},"end":{"line":205,"column":32}}},"fnMap":{"0":{"name":"(anonymous_0)","decl":{"start":{"line":9,"column":12},"end":{"line":9,"column":13}},"loc":{"start":{"line":9,"column":31},"end":{"line":11,"column":3}},"line":9},"1":{"name":"(anonymous_1)","decl":{"start":{"line":18,"column":2},"end":{"line":18,"column":3}},"loc":{"start":{"line":18,"column":37},"end":{"line":30,"column":3}},"line":18},"2":{"name":"(anonymous_2)","decl":{"start":{"line":58,"column":2},"end":{"line":58,"column":3}},"loc":{"start":{"line":58,"column":37},"end":{"line":98,"column":3}},"line":58},"3":{"name":"(anonymous_3)","decl":{"start":{"line":60,"column":23},"end":{"line":60,"column":24}},"loc":{"start":{"line":60,"column":32},"end":{"line":92,"column":7}},"line":60},"4":{"name":"(anonymous_4)","decl":{"start":{"line":100,"column":2},"end":{"line":100,"column":3}},"loc":{"start":{"line":100,"column":39},"end":{"line":137,"column":3}},"line":100},"5":{"name":"(anonymous_5)","decl":{"start":{"line":140,"column":2},"end":{"line":140,"column":3}},"loc":{"start":{"line":140,"column":36},"end":{"line":157,"column":3}},"line":140},"6":{"name":"(anonymous_6)","decl":{"start":{"line":159,"column":2},"end":{"line":159,"column":3}},"loc":{"start":{"line":159,"column":39},"end":{"line":189,"column":3}},"line":159},"7":{"name":"(anonymous_7)","decl":{"start":{"line":191,"column":2},"end":{"line":191,"column":3}},"loc":{"start":{"line":191,"column":36},"end":{"line":202,"column":3}},"line":191}},"branchMap":{"0":{"loc":{"start":{"line":61,"column":8},"end":{"line":91,"column":9}},"type":"if","locations":[{"start":{"line":61,"column":8},"end":{"line":91,"column":9}},{"start":{"line":63,"column":15},"end":{"line":91,"column":9}}],"line":61},"1":{"loc":{"start":{"line":65,"column":10},"end":{"line":69,"column":11}},"type":"if","locations":[{"start":{"line":65,"column":10},"end":{"line":69,"column":11}},{"start":{},"end":{}}],"line":65},"2":{"loc":{"start":{"line":65,"column":14},"end":{"line":65,"column":39}},"type":"binary-expr","locations":[{"start":{"line":65,"column":14},"end":{"line":65,"column":20}},{"start":{"line":65,"column":24},"end":{"line":65,"column":30}},{"start":{"line":65,"column":34},"end":{"line":65,"column":39}}],"line":65},"3":{"loc":{"start":{"line":104,"column":6},"end":{"line":108,"column":7}},"type":"if","locations":[{"start":{"line":104,"column":6},"end":{"line":108,"column":7}},{"start":{},"end":{}}],"line":104},"4":{"loc":{"start":{"line":143,"column":6},"end":{"line":148,"column":7}},"type":"if","locations":[{"start":{"line":143,"column":6},"end":{"line":148,"column":7}},{"start":{},"end":{}}],"line":143},"5":{"loc":{"start":{"line":163,"column":6},"end":{"line":165,"column":7}},"type":"if","locations":[{"start":{"line":163,"column":6},"end":{"line":165,"column":7}},{"start":{},"end":{}}],"line":163},"6":{"loc":{"start":{"line":166,"column":6},"end":{"line":168,"column":7}},"type":"if","locations":[{"start":{"line":166,"column":6},"end":{"line":168,"column":7}},{"start":{},"end":{}}],"line":166},"7":{"loc":{"start":{"line":169,"column":6},"end":{"line":171,"column":7}},"type":"if","locations":[{"start":{"line":169,"column":6},"end":{"line":171,"column":7}},{"start":{},"end":{}}],"line":169},"8":{"loc":{"start":{"line":172,"column":6},"end":{"line":174,"column":7}},"type":"if","locations":[{"start":{"line":172,"column":6},"end":{"line":174,"column":7}},{"start":{},"end":{}}],"line":172}},"s":{"0":5,"1":5,"2":5,"3":5,"4":5,"5":0,"6":5,"7":1,"8":1,"9":0,"10":0,"11":0,"12":0,"13":0,"14":0,"15":0,"16":0,"17":0,"18":0,"19":0,"20":0,"21":0,"22":0,"23":0,"24":0,"25":0,"26":0,"27":0,"28":0,"29":0,"30":0,"31":0,"32":0,"33":0,"34":0,"35":0,"36":0,"37":0,"38":0,"39":0,"40":0,"41":0,"42":0,"43":0,"44":0,"45":0,"46":0,"47":0,"48":0,"49":0,"50":0,"51":0,"52":0,"53":0,"54":0,"55":5},"f":{"0":0,"1":1,"2":0,"3":0,"4":0,"5":0,"6":0,"7":0},"b":{"0":[0,0],"1":[0,0],"2":[0,0,0],"3":[0,0],"4":[0,0],"5":[0,0],"6":[0,0],"7":[0,0],"8":[0,0]},"_coverageSchema":"1a1c01bbd47fc00a2c39e90264f33305004495a9","hash":"b6b23fcde9ed9fc1fa285ed77db806182f4653d0"}
,"X:\\STUDIES Andela 2024\\node\\node-es6\\src\\controllers\\messagecontroller.js": {"path":"X:\\STUDIES Andela 2024\\node\\node-es6\\src\\controllers\\messagecontroller.js","statementMap":{"0":{"start":{"line":1,"column":18},"end":{"line":1,"column":37}},"1":{"start":{"line":2,"column":17},"end":{"line":2,"column":51}},"2":{"start":{"line":7,"column":4},"end":{"line":40,"column":5}},"3":{"start":{"line":8,"column":40},"end":{"line":8,"column":48}},"4":{"start":{"line":9,"column":19},"end":{"line":9,"column":21}},"5":{"start":{"line":11,"column":6},"end":{"line":13,"column":7}},"6":{"start":{"line":12,"column":8},"end":{"line":12,"column":43}},"7":{"start":{"line":15,"column":6},"end":{"line":17,"column":7}},"8":{"start":{"line":16,"column":8},"end":{"line":16,"column":43}},"9":{"start":{"line":19,"column":6},"end":{"line":23,"column":7}},"10":{"start":{"line":20,"column":8},"end":{"line":22,"column":11}},"11":{"start":{"line":25,"column":26},"end":{"line":29,"column":8}},"12":{"start":{"line":31,"column":6},"end":{"line":34,"column":9}},"13":{"start":{"line":36,"column":6},"end":{"line":36,"column":27}},"14":{"start":{"line":37,"column":6},"end":{"line":39,"column":9}},"15":{"start":{"line":45,"column":4},"end":{"line":55,"column":5}},"16":{"start":{"line":46,"column":26},"end":{"line":46,"column":47}},"17":{"start":{"line":47,"column":6},"end":{"line":50,"column":9}},"18":{"start":{"line":52,"column":6},"end":{"line":54,"column":9}},"19":{"start":{"line":59,"column":4},"end":{"line":68,"column":5}},"20":{"start":{"line":60,"column":6},"end":{"line":60,"column":55}},"21":{"start":{"line":61,"column":6},"end":{"line":63,"column":9}},"22":{"start":{"line":65,"column":6},"end":{"line":67,"column":9}},"23":{"start":{"line":72,"column":0},"end":{"line":72,"column":35}}},"fnMap":{"0":{"name":"(anonymous_0)","decl":{"start":{"line":6,"column":2},"end":{"line":6,"column":3}},"loc":{"start":{"line":6,"column":37},"end":{"line":41,"column":3}},"line":6},"1":{"name":"(anonymous_1)","decl":{"start":{"line":44,"column":2},"end":{"line":44,"column":3}},"loc":{"start":{"line":44,"column":40},"end":{"line":56,"column":3}},"line":44},"2":{"name":"(anonymous_2)","decl":{"start":{"line":58,"column":2},"end":{"line":58,"column":3}},"loc":{"start":{"line":58,"column":39},"end":{"line":69,"column":3}},"line":58}},"branchMap":{"0":{"loc":{"start":{"line":11,"column":6},"end":{"line":13,"column":7}},"type":"if","locations":[{"start":{"line":11,"column":6},"end":{"line":13,"column":7}},{"start":{},"end":{}}],"line":11},"1":{"loc":{"start":{"line":15,"column":6},"end":{"line":17,"column":7}},"type":"if","locations":[{"start":{"line":15,"column":6},"end":{"line":17,"column":7}},{"start":{},"end":{}}],"line":15},"2":{"loc":{"start":{"line":19,"column":6},"end":{"line":23,"column":7}},"type":"if","locations":[{"start":{"line":19,"column":6},"end":{"line":23,"column":7}},{"start":{},"end":{}}],"line":19}},"s":{"0":5,"1":5,"2":0,"3":0,"4":0,"5":0,"6":0,"7":0,"8":0,"9":0,"10":0,"11":0,"12":0,"13":0,"14":0,"15":0,"16":0,"17":0,"18":0,"19":0,"20":0,"21":0,"22":0,"23":5},"f":{"0":0,"1":0,"2":0},"b":{"0":[0,0],"1":[0,0],"2":[0,0]},"_coverageSchema":"1a1c01bbd47fc00a2c39e90264f33305004495a9","hash":"91b74ec737063de7d87ebefd9d205d42b2edf98e"}
,"X:\\STUDIES Andela 2024\\node\\node-es6\\src\\controllers\\portfoliocontrollers.js": {"path":"X:\\STUDIES Andela 2024\\node\\node-es6\\src\\controllers\\portfoliocontrollers.js","statementMap":{"0":{"start":{"line":1,"column":18},"end":{"line":1,"column":54}},"1":{"start":{"line":2,"column":15},"end":{"line":2,"column":32}},"2":{"start":{"line":4,"column":16},"end":{"line":9,"column":2}},"3":{"start":{"line":7,"column":4},"end":{"line":7,"column":32}},"4":{"start":{"line":10,"column":15},"end":{"line":12,"column":27}},"5":{"start":{"line":17,"column":24},"end":{"line":17,"column":46}},"6":{"start":{"line":18,"column":4},"end":{"line":21,"column":7}},"7":{"start":{"line":25,"column":4},"end":{"line":49,"column":5}},"8":{"start":{"line":26,"column":6},"end":{"line":44,"column":9}},"9":{"start":{"line":27,"column":8},"end":{"line":43,"column":9}},"10":{"start":{"line":28,"column":10},"end":{"line":28,"column":27}},"11":{"start":{"line":30,"column":31},"end":{"line":37,"column":12}},"12":{"start":{"line":38,"column":10},"end":{"line":38,"column":30}},"13":{"start":{"line":39,"column":10},"end":{"line":42,"column":13}},"14":{"start":{"line":46,"column":6},"end":{"line":48,"column":9}},"15":{"start":{"line":54,"column":4},"end":{"line":78,"column":5}},"16":{"start":{"line":55,"column":25},"end":{"line":55,"column":72}},"17":{"start":{"line":56,"column":36},"end":{"line":56,"column":44}},"18":{"start":{"line":57,"column":6},"end":{"line":59,"column":7}},"19":{"start":{"line":58,"column":8},"end":{"line":58,"column":31}},"20":{"start":{"line":61,"column":6},"end":{"line":63,"column":7}},"21":{"start":{"line":62,"column":8},"end":{"line":62,"column":45}},"22":{"start":{"line":65,"column":30},"end":{"line":69,"column":7}},"23":{"start":{"line":70,"column":6},"end":{"line":73,"column":9}},"24":{"start":{"line":75,"column":6},"end":{"line":77,"column":9}},"25":{"start":{"line":82,"column":4},"end":{"line":91,"column":5}},"26":{"start":{"line":83,"column":6},"end":{"line":83,"column":56}},"27":{"start":{"line":84,"column":6},"end":{"line":86,"column":9}},"28":{"start":{"line":88,"column":6},"end":{"line":90,"column":9}},"29":{"start":{"line":95,"column":0},"end":{"line":95,"column":37}}},"fnMap":{"0":{"name":"(anonymous_0)","decl":{"start":{"line":6,"column":12},"end":{"line":6,"column":13}},"loc":{"start":{"line":6,"column":31},"end":{"line":8,"column":3}},"line":6},"1":{"name":"(anonymous_1)","decl":{"start":{"line":16,"column":2},"end":{"line":16,"column":3}},"loc":{"start":{"line":16,"column":40},"end":{"line":22,"column":3}},"line":16},"2":{"name":"(anonymous_2)","decl":{"start":{"line":24,"column":2},"end":{"line":24,"column":3}},"loc":{"start":{"line":24,"column":41},"end":{"line":50,"column":3}},"line":24},"3":{"name":"(anonymous_3)","decl":{"start":{"line":26,"column":23},"end":{"line":26,"column":24}},"loc":{"start":{"line":26,"column":32},"end":{"line":44,"column":7}},"line":26},"4":{"name":"(anonymous_4)","decl":{"start":{"line":53,"column":2},"end":{"line":53,"column":3}},"loc":{"start":{"line":53,"column":39},"end":{"line":79,"column":3}},"line":53},"5":{"name":"(anonymous_5)","decl":{"start":{"line":81,"column":2},"end":{"line":81,"column":3}},"loc":{"start":{"line":81,"column":36},"end":{"line":92,"column":3}},"line":81}},"branchMap":{"0":{"loc":{"start":{"line":27,"column":8},"end":{"line":43,"column":9}},"type":"if","locations":[{"start":{"line":27,"column":8},"end":{"line":43,"column":9}},{"start":{"line":29,"column":15},"end":{"line":43,"column":9}}],"line":27},"1":{"loc":{"start":{"line":57,"column":6},"end":{"line":59,"column":7}},"type":"if","locations":[{"start":{"line":57,"column":6},"end":{"line":59,"column":7}},{"start":{},"end":{}}],"line":57},"2":{"loc":{"start":{"line":61,"column":6},"end":{"line":63,"column":7}},"type":"if","locations":[{"start":{"line":61,"column":6},"end":{"line":63,"column":7}},{"start":{},"end":{}}],"line":61}},"s":{"0":5,"1":5,"2":5,"3":0,"4":5,"5":0,"6":0,"7":0,"8":0,"9":0,"10":0,"11":0,"12":0,"13":0,"14":0,"15":0,"16":0,"17":0,"18":0,"19":0,"20":0,"21":0,"22":0,"23":0,"24":0,"25":0,"26":0,"27":0,"28":0,"29":5},"f":{"0":0,"1":0,"2":0,"3":0,"4":0,"5":0},"b":{"0":[0,0],"1":[0,0],"2":[0,0]},"_coverageSchema":"1a1c01bbd47fc00a2c39e90264f33305004495a9","hash":"16d8ab6c223540b852db67c54bb73afb5c2f75c9"}
,"X:\\STUDIES Andela 2024\\node\\node-es6\\src\\controllers\\signupcontroller.js": {"path":"X:\\STUDIES Andela 2024\\node\\node-es6\\src\\controllers\\signupcontroller.js","statementMap":{"0":{"start":{"line":1,"column":12},"end":{"line":1,"column":39}},"1":{"start":{"line":2,"column":13},"end":{"line":2,"column":49}},"2":{"start":{"line":3,"column":13},"end":{"line":3,"column":52}},"3":{"start":{"line":4,"column":15},"end":{"line":4,"column":32}},"4":{"start":{"line":5,"column":19},"end":{"line":5,"column":40}},"5":{"start":{"line":10,"column":23},"end":{"line":10,"column":40}},"6":{"start":{"line":11,"column":4},"end":{"line":15,"column":5}},"7":{"start":{"line":12,"column":6},"end":{"line":14,"column":9}},"8":{"start":{"line":16,"column":4},"end":{"line":19,"column":7}},"9":{"start":{"line":24,"column":6},"end":{"line":74,"column":7}},"10":{"start":{"line":25,"column":59},"end":{"line":25,"column":67}},"11":{"start":{"line":26,"column":26},"end":{"line":26,"column":62}},"12":{"start":{"line":27,"column":8},"end":{"line":31,"column":9}},"13":{"start":{"line":28,"column":10},"end":{"line":30,"column":13}},"14":{"start":{"line":33,"column":21},"end":{"line":33,"column":23}},"15":{"start":{"line":34,"column":8},"end":{"line":36,"column":9}},"16":{"start":{"line":35,"column":10},"end":{"line":35,"column":40}},"17":{"start":{"line":37,"column":8},"end":{"line":43,"column":9}},"18":{"start":{"line":42,"column":10},"end":{"line":42,"column":41}},"19":{"start":{"line":44,"column":8},"end":{"line":47,"column":9}},"20":{"start":{"line":45,"column":10},"end":{"line":46,"column":127}},"21":{"start":{"line":48,"column":8},"end":{"line":50,"column":9}},"22":{"start":{"line":49,"column":10},"end":{"line":49,"column":44}},"23":{"start":{"line":51,"column":8},"end":{"line":55,"column":9}},"24":{"start":{"line":52,"column":10},"end":{"line":54,"column":13}},"25":{"start":{"line":57,"column":29},"end":{"line":57,"column":58}},"26":{"start":{"line":59,"column":21},"end":{"line":65,"column":10}},"27":{"start":{"line":66,"column":8},"end":{"line":69,"column":11}},"28":{"start":{"line":71,"column":8},"end":{"line":73,"column":11}},"29":{"start":{"line":78,"column":4},"end":{"line":94,"column":5}},"30":{"start":{"line":79,"column":25},"end":{"line":79,"column":67}},"31":{"start":{"line":80,"column":6},"end":{"line":86,"column":7}},"32":{"start":{"line":81,"column":8},"end":{"line":85,"column":11}},"33":{"start":{"line":87,"column":6},"end":{"line":89,"column":9}},"34":{"start":{"line":91,"column":6},"end":{"line":93,"column":9}},"35":{"start":{"line":98,"column":4},"end":{"line":135,"column":5}},"36":{"start":{"line":99,"column":25},"end":{"line":99,"column":67}},"37":{"start":{"line":100,"column":68},"end":{"line":100,"column":76}},"38":{"start":{"line":101,"column":6},"end":{"line":103,"column":7}},"39":{"start":{"line":102,"column":8},"end":{"line":102,"column":33}},"40":{"start":{"line":104,"column":6},"end":{"line":106,"column":7}},"41":{"start":{"line":105,"column":8},"end":{"line":105,"column":33}},"42":{"start":{"line":107,"column":6},"end":{"line":110,"column":7}},"43":{"start":{"line":108,"column":29},"end":{"line":108,"column":58}},"44":{"start":{"line":109,"column":8},"end":{"line":109,"column":43}},"45":{"start":{"line":111,"column":6},"end":{"line":114,"column":7}},"46":{"start":{"line":112,"column":29},"end":{"line":112,"column":58}},"47":{"start":{"line":113,"column":8},"end":{"line":113,"column":43}},"48":{"start":{"line":115,"column":6},"end":{"line":117,"column":7}},"49":{"start":{"line":116,"column":8},"end":{"line":116,"column":31}},"50":{"start":{"line":118,"column":6},"end":{"line":120,"column":7}},"51":{"start":{"line":119,"column":8},"end":{"line":119,"column":42}},"52":{"start":{"line":122,"column":25},"end":{"line":126,"column":7}},"53":{"start":{"line":127,"column":6},"end":{"line":130,"column":9}},"54":{"start":{"line":132,"column":6},"end":{"line":134,"column":9}},"55":{"start":{"line":139,"column":4},"end":{"line":148,"column":5}},"56":{"start":{"line":140,"column":6},"end":{"line":140,"column":51}},"57":{"start":{"line":141,"column":6},"end":{"line":143,"column":9}},"58":{"start":{"line":145,"column":6},"end":{"line":147,"column":9}},"59":{"start":{"line":152,"column":4},"end":{"line":183,"column":5}},"60":{"start":{"line":153,"column":34},"end":{"line":153,"column":42}},"61":{"start":{"line":155,"column":24},"end":{"line":155,"column":53}},"62":{"start":{"line":156,"column":6},"end":{"line":160,"column":7}},"63":{"start":{"line":157,"column":8},"end":{"line":159,"column":11}},"64":{"start":{"line":161,"column":30},"end":{"line":164,"column":7}},"65":{"start":{"line":165,"column":6},"end":{"line":169,"column":7}},"66":{"start":{"line":166,"column":8},"end":{"line":168,"column":11}},"67":{"start":{"line":170,"column":20},"end":{"line":174,"column":8}},"68":{"start":{"line":175,"column":6},"end":{"line":178,"column":9}},"69":{"start":{"line":180,"column":6},"end":{"line":182,"column":9}},"70":{"start":{"line":187,"column":4},"end":{"line":229,"column":5}},"71":{"start":{"line":188,"column":31},"end":{"line":188,"column":39}},"72":{"start":{"line":189,"column":30},"end":{"line":189,"column":59}},"73":{"start":{"line":190,"column":6},"end":{"line":194,"column":7}},"74":{"start":{"line":191,"column":8},"end":{"line":193,"column":11}},"75":{"start":{"line":195,"column":18},"end":{"line":198,"column":8}},"76":{"start":{"line":199,"column":26},"end":{"line":205,"column":8}},"77":{"start":{"line":206,"column":26},"end":{"line":214,"column":7}},"78":{"start":{"line":216,"column":19},"end":{"line":216,"column":58}},"79":{"start":{"line":218,"column":6},"end":{"line":218,"column":50}},"80":{"start":{"line":220,"column":6},"end":{"line":222,"column":9}},"81":{"start":{"line":224,"column":6},"end":{"line":224,"column":51}},"82":{"start":{"line":226,"column":6},"end":{"line":228,"column":9}},"83":{"start":{"line":233,"column":26},"end":{"line":233,"column":43}},"84":{"start":{"line":234,"column":4},"end":{"line":238,"column":5}},"85":{"start":{"line":235,"column":6},"end":{"line":237,"column":9}},"86":{"start":{"line":239,"column":4},"end":{"line":242,"column":7}},"87":{"start":{"line":246,"column":0},"end":{"line":246,"column":38}}},"fnMap":{"0":{"name":"(anonymous_0)","decl":{"start":{"line":8,"column":2},"end":{"line":8,"column":3}},"loc":{"start":{"line":8,"column":43},"end":{"line":20,"column":3}},"line":8},"1":{"name":"(anonymous_1)","decl":{"start":{"line":23,"column":4},"end":{"line":23,"column":5}},"loc":{"start":{"line":23,"column":40},"end":{"line":75,"column":5}},"line":23},"2":{"name":"(anonymous_2)","decl":{"start":{"line":77,"column":2},"end":{"line":77,"column":3}},"loc":{"start":{"line":77,"column":36},"end":{"line":95,"column":3}},"line":77},"3":{"name":"(anonymous_3)","decl":{"start":{"line":97,"column":2},"end":{"line":97,"column":3}},"loc":{"start":{"line":97,"column":36},"end":{"line":136,"column":3}},"line":97},"4":{"name":"(anonymous_4)","decl":{"start":{"line":138,"column":2},"end":{"line":138,"column":3}},"loc":{"start":{"line":138,"column":36},"end":{"line":149,"column":3}},"line":138},"5":{"name":"(anonymous_5)","decl":{"start":{"line":151,"column":2},"end":{"line":151,"column":3}},"loc":{"start":{"line":151,"column":35},"end":{"line":184,"column":3}},"line":151},"6":{"name":"(anonymous_6)","decl":{"start":{"line":186,"column":2},"end":{"line":186,"column":3}},"loc":{"start":{"line":186,"column":35},"end":{"line":230,"column":3}},"line":186},"7":{"name":"(anonymous_7)","decl":{"start":{"line":231,"column":2},"end":{"line":231,"column":3}},"loc":{"start":{"line":231,"column":43},"end":{"line":243,"column":3}},"line":231}},"branchMap":{"0":{"loc":{"start":{"line":11,"column":4},"end":{"line":15,"column":5}},"type":"if","locations":[{"start":{"line":11,"column":4},"end":{"line":15,"column":5}},{"start":{},"end":{}}],"line":11},"1":{"loc":{"start":{"line":27,"column":8},"end":{"line":31,"column":9}},"type":"if","locations":[{"start":{"line":27,"column":8},"end":{"line":31,"column":9}},{"start":{},"end":{}}],"line":27},"2":{"loc":{"start":{"line":34,"column":8},"end":{"line":36,"column":9}},"type":"if","locations":[{"start":{"line":34,"column":8},"end":{"line":36,"column":9}},{"start":{},"end":{}}],"line":34},"3":{"loc":{"start":{"line":37,"column":8},"end":{"line":43,"column":9}},"type":"if","locations":[{"start":{"line":37,"column":8},"end":{"line":43,"column":9}},{"start":{},"end":{}}],"line":37},"4":{"loc":{"start":{"line":44,"column":8},"end":{"line":47,"column":9}},"type":"if","locations":[{"start":{"line":44,"column":8},"end":{"line":47,"column":9}},{"start":{},"end":{}}],"line":44},"5":{"loc":{"start":{"line":48,"column":8},"end":{"line":50,"column":9}},"type":"if","locations":[{"start":{"line":48,"column":8},"end":{"line":50,"column":9}},{"start":{},"end":{}}],"line":48},"6":{"loc":{"start":{"line":51,"column":8},"end":{"line":55,"column":9}},"type":"if","locations":[{"start":{"line":51,"column":8},"end":{"line":55,"column":9}},{"start":{},"end":{}}],"line":51},"7":{"loc":{"start":{"line":80,"column":6},"end":{"line":86,"column":7}},"type":"if","locations":[{"start":{"line":80,"column":6},"end":{"line":86,"column":7}},{"start":{},"end":{}}],"line":80},"8":{"loc":{"start":{"line":101,"column":6},"end":{"line":103,"column":7}},"type":"if","locations":[{"start":{"line":101,"column":6},"end":{"line":103,"column":7}},{"start":{},"end":{}}],"line":101},"9":{"loc":{"start":{"line":104,"column":6},"end":{"line":106,"column":7}},"type":"if","locations":[{"start":{"line":104,"column":6},"end":{"line":106,"column":7}},{"start":{},"end":{}}],"line":104},"10":{"loc":{"start":{"line":107,"column":6},"end":{"line":110,"column":7}},"type":"if","locations":[{"start":{"line":107,"column":6},"end":{"line":110,"column":7}},{"start":{},"end":{}}],"line":107},"11":{"loc":{"start":{"line":111,"column":6},"end":{"line":114,"column":7}},"type":"if","locations":[{"start":{"line":111,"column":6},"end":{"line":114,"column":7}},{"start":{},"end":{}}],"line":111},"12":{"loc":{"start":{"line":115,"column":6},"end":{"line":117,"column":7}},"type":"if","locations":[{"start":{"line":115,"column":6},"end":{"line":117,"column":7}},{"start":{},"end":{}}],"line":115},"13":{"loc":{"start":{"line":118,"column":6},"end":{"line":120,"column":7}},"type":"if","locations":[{"start":{"line":118,"column":6},"end":{"line":120,"column":7}},{"start":{},"end":{}}],"line":118},"14":{"loc":{"start":{"line":156,"column":6},"end":{"line":160,"column":7}},"type":"if","locations":[{"start":{"line":156,"column":6},"end":{"line":160,"column":7}},{"start":{},"end":{}}],"line":156},"15":{"loc":{"start":{"line":165,"column":6},"end":{"line":169,"column":7}},"type":"if","locations":[{"start":{"line":165,"column":6},"end":{"line":169,"column":7}},{"start":{},"end":{}}],"line":165},"16":{"loc":{"start":{"line":190,"column":6},"end":{"line":194,"column":7}},"type":"if","locations":[{"start":{"line":190,"column":6},"end":{"line":194,"column":7}},{"start":{},"end":{}}],"line":190},"17":{"loc":{"start":{"line":234,"column":4},"end":{"line":238,"column":5}},"type":"if","locations":[{"start":{"line":234,"column":4},"end":{"line":238,"column":5}},{"start":{},"end":{}}],"line":234}},"s":{"0":5,"1":5,"2":5,"3":5,"4":5,"5":0,"6":0,"7":0,"8":0,"9":8,"10":8,"11":8,"12":5,"13":0,"14":5,"15":5,"16":0,"17":5,"18":1,"19":5,"20":3,"21":5,"22":3,"23":5,"24":4,"25":1,"26":1,"27":1,"28":3,"29":0,"30":0,"31":0,"32":0,"33":0,"34":0,"35":0,"36":0,"37":0,"38":0,"39":0,"40":0,"41":0,"42":0,"43":0,"44":0,"45":0,"46":0,"47":0,"48":0,"49":0,"50":0,"51":0,"52":0,"53":0,"54":0,"55":0,"56":0,"57":0,"58":0,"59":2,"60":2,"61":2,"62":0,"63":0,"64":0,"65":0,"66":0,"67":0,"68":0,"69":1,"70":0,"71":0,"72":0,"73":0,"74":0,"75":0,"76":0,"77":0,"78":0,"79":0,"80":0,"81":0,"82":0,"83":0,"84":0,"85":0,"86":0,"87":5},"f":{"0":0,"1":8,"2":0,"3":0,"4":0,"5":2,"6":0,"7":0},"b":{"0":[0,0],"1":[0,5],"2":[0,5],"3":[1,4],"4":[3,2],"5":[3,2],"6":[4,1],"7":[0,0],"8":[0,0],"9":[0,0],"10":[0,0],"11":[0,0],"12":[0,0],"13":[0,0],"14":[0,0],"15":[0,0],"16":[0,0],"17":[0,0]},"_coverageSchema":"1a1c01bbd47fc00a2c39e90264f33305004495a9","hash":"e961e0dad7cc23cce909e7cb7c6620fa70ec8591"}
,"X:\\STUDIES Andela 2024\\node\\node-es6\\src\\database\\connection.js": {"path":"X:\\STUDIES Andela 2024\\node\\node-es6\\src\\database\\connection.js","statementMap":{"0":{"start":{"line":1,"column":17},"end":{"line":1,"column":37}},"1":{"start":{"line":2,"column":15},"end":{"line":2,"column":32}},"2":{"start":{"line":4,"column":0},"end":{"line":4,"column":16}},"3":{"start":{"line":7,"column":18},"end":{"line":10,"column":60}},"4":{"start":{"line":9,"column":28},"end":{"line":9,"column":74}},"5":{"start":{"line":10,"column":26},"end":{"line":10,"column":59}},"6":{"start":{"line":13,"column":0},"end":{"line":13,"column":27}}},"fnMap":{"0":{"name":"(anonymous_0)","decl":{"start":{"line":9,"column":16},"end":{"line":9,"column":17}},"loc":{"start":{"line":9,"column":28},"end":{"line":9,"column":74}},"line":9},"1":{"name":"(anonymous_1)","decl":{"start":{"line":10,"column":17},"end":{"line":10,"column":18}},"loc":{"start":{"line":10,"column":26},"end":{"line":10,"column":59}},"line":10}},"branchMap":{},"s":{"0":5,"1":5,"2":5,"3":5,"4":0,"5":0,"6":5},"f":{"0":0,"1":0},"b":{},"_coverageSchema":"1a1c01bbd47fc00a2c39e90264f33305004495a9","hash":"24f84a492d2b29d25cc988aa7e8bb088283c4f70"}
,"X:\\STUDIES Andela 2024\\node\\node-es6\\src\\helper\\jwt.js": {"path":"X:\\STUDIES Andela 2024\\node\\node-es6\\src\\helper\\jwt.js","statementMap":{"0":{"start":{"line":1,"column":12},"end":{"line":1,"column":35}},"1":{"start":{"line":5,"column":22},"end":{"line":5,"column":43}},"2":{"start":{"line":6,"column":4},"end":{"line":6,"column":53}},"3":{"start":{"line":9,"column":0},"end":{"line":9,"column":19}}},"fnMap":{"0":{"name":"(anonymous_0)","decl":{"start":{"line":4,"column":2},"end":{"line":4,"column":3}},"loc":{"start":{"line":4,"column":36},"end":{"line":7,"column":3}},"line":4}},"branchMap":{"0":{"loc":{"start":{"line":4,"column":27},"end":{"line":4,"column":35}},"type":"default-arg","locations":[{"start":{"line":4,"column":31},"end":{"line":4,"column":35}}],"line":4}},"s":{"0":5,"1":0,"2":0,"3":5},"f":{"0":0},"b":{"0":[0]},"_coverageSchema":"1a1c01bbd47fc00a2c39e90264f33305004495a9","hash":"4282c7c215929e1d5c1bad0d9c19352dca7372aa"}
,"X:\\STUDIES Andela 2024\\node\\node-es6\\src\\middleware\\authmiddleware.js": {"path":"X:\\STUDIES Andela 2024\\node\\node-es6\\src\\middleware\\authmiddleware.js","statementMap":{"0":{"start":{"line":1,"column":12},"end":{"line":1,"column":35}},"1":{"start":{"line":5,"column":4},"end":{"line":30,"column":5}},"2":{"start":{"line":6,"column":30},"end":{"line":6,"column":41}},"3":{"start":{"line":7,"column":4},"end":{"line":12,"column":5}},"4":{"start":{"line":8,"column":6},"end":{"line":11,"column":9}},"5":{"start":{"line":13,"column":18},"end":{"line":13,"column":45}},"6":{"start":{"line":14,"column":4},"end":{"line":19,"column":5}},"7":{"start":{"line":15,"column":6},"end":{"line":18,"column":9}},"8":{"start":{"line":20,"column":22},"end":{"line":20,"column":43}},"9":{"start":{"line":21,"column":17},"end":{"line":21,"column":45}},"10":{"start":{"line":22,"column":4},"end":{"line":22,"column":20}},"11":{"start":{"line":24,"column":4},"end":{"line":24,"column":11}},"12":{"start":{"line":26,"column":6},"end":{"line":29,"column":9}},"13":{"start":{"line":35,"column":4},"end":{"line":50,"column":5}},"14":{"start":{"line":36,"column":19},"end":{"line":36,"column":27}},"15":{"start":{"line":37,"column":6},"end":{"line":39,"column":7}},"16":{"start":{"line":38,"column":8},"end":{"line":38,"column":22}},"17":{"start":{"line":40,"column":6},"end":{"line":43,"column":9}},"18":{"start":{"line":46,"column":6},"end":{"line":49,"column":9}},"19":{"start":{"line":54,"column":0},"end":{"line":54,"column":32}}},"fnMap":{"0":{"name":"(anonymous_0)","decl":{"start":{"line":4,"column":2},"end":{"line":4,"column":3}},"loc":{"start":{"line":4,"column":46},"end":{"line":32,"column":3}},"line":4},"1":{"name":"(anonymous_1)","decl":{"start":{"line":34,"column":2},"end":{"line":34,"column":3}},"loc":{"start":{"line":34,"column":38},"end":{"line":51,"column":3}},"line":34}},"branchMap":{"0":{"loc":{"start":{"line":7,"column":4},"end":{"line":12,"column":5}},"type":"if","locations":[{"start":{"line":7,"column":4},"end":{"line":12,"column":5}},{"start":{},"end":{}}],"line":7},"1":{"loc":{"start":{"line":14,"column":4},"end":{"line":19,"column":5}},"type":"if","locations":[{"start":{"line":14,"column":4},"end":{"line":19,"column":5}},{"start":{},"end":{}}],"line":14},"2":{"loc":{"start":{"line":37,"column":6},"end":{"line":39,"column":7}},"type":"if","locations":[{"start":{"line":37,"column":6},"end":{"line":39,"column":7}},{"start":{},"end":{}}],"line":37}},"s":{"0":5,"1":6,"2":6,"3":6,"4":5,"5":1,"6":1,"7":0,"8":1,"9":1,"10":0,"11":0,"12":1,"13":0,"14":0,"15":0,"16":0,"17":0,"18":0,"19":5},"f":{"0":6,"1":0},"b":{"0":[5,1],"1":[0,1],"2":[0,0]},"_coverageSchema":"1a1c01bbd47fc00a2c39e90264f33305004495a9","hash":"c04973f745445c88f932464f34b35c5a5d029d5b"}
,"X:\\STUDIES Andela 2024\\node\\node-es6\\src\\models\\blogschema.js": {"path":"X:\\STUDIES Andela 2024\\node\\node-es6\\src\\models\\blogschema.js","statementMap":{"0":{"start":{"line":1,"column":17},"end":{"line":1,"column":36}},"1":{"start":{"line":4,"column":19},"end":{"line":30,"column":2}},"2":{"start":{"line":34,"column":0},"end":{"line":34,"column":50}}},"fnMap":{},"branchMap":{},"s":{"0":5,"1":5,"2":5},"f":{},"b":{},"_coverageSchema":"1a1c01bbd47fc00a2c39e90264f33305004495a9","hash":"a2b68c150e340b7287c8787da23fd89853e00268"}
,"X:\\STUDIES Andela 2024\\node\\node-es6\\src\\models\\messageschema.js": {"path":"X:\\STUDIES Andela 2024\\node\\node-es6\\src\\models\\messageschema.js","statementMap":{"0":{"start":{"line":1,"column":17},"end":{"line":1,"column":36}},"1":{"start":{"line":3,"column":22},"end":{"line":7,"column":2}},"2":{"start":{"line":9,"column":0},"end":{"line":9,"column":59}}},"fnMap":{},"branchMap":{},"s":{"0":5,"1":5,"2":5},"f":{},"b":{},"_coverageSchema":"1a1c01bbd47fc00a2c39e90264f33305004495a9","hash":"27a35f0423f0efcb046498805d9e6dd7b0b7843f"}
,"X:\\STUDIES Andela 2024\\node\\node-es6\\src\\models\\portfolioschema.js": {"path":"X:\\STUDIES Andela 2024\\node\\node-es6\\src\\models\\portfolioschema.js","statementMap":{"0":{"start":{"line":1,"column":17},"end":{"line":1,"column":36}},"1":{"start":{"line":3,"column":24},"end":{"line":10,"column":2}},"2":{"start":{"line":12,"column":0},"end":{"line":12,"column":62}}},"fnMap":{},"branchMap":{},"s":{"0":5,"1":5,"2":5},"f":{},"b":{},"_coverageSchema":"1a1c01bbd47fc00a2c39e90264f33305004495a9","hash":"0915e2adb1051201eb3f34e53c2a581eff4e2be9"}
,"X:\\STUDIES Andela 2024\\node\\node-es6\\src\\models\\signupschema.js": {"path":"X:\\STUDIES Andela 2024\\node\\node-es6\\src\\models\\signupschema.js","statementMap":{"0":{"start":{"line":1,"column":17},"end":{"line":1,"column":36}},"1":{"start":{"line":4,"column":21},"end":{"line":26,"column":2}},"2":{"start":{"line":28,"column":13},"end":{"line":28,"column":49}},"3":{"start":{"line":30,"column":0},"end":{"line":30,"column":22}}},"fnMap":{},"branchMap":{},"s":{"0":5,"1":5,"2":5,"3":5},"f":{},"b":{},"_coverageSchema":"1a1c01bbd47fc00a2c39e90264f33305004495a9","hash":"c1a8da7fb8d9623b9b8f55205553d9b845f3d15a"}
,"X:\\STUDIES Andela 2024\\node\\node-es6\\src\\models\\subscribeschema.js": {"path":"X:\\STUDIES Andela 2024\\node\\node-es6\\src\\models\\subscribeschema.js","statementMap":{"0":{"start":{"line":1,"column":17},"end":{"line":1,"column":36}},"1":{"start":{"line":3,"column":18},"end":{"line":7,"column":2}},"2":{"start":{"line":9,"column":0},"end":{"line":9,"column":57}}},"fnMap":{},"branchMap":{},"s":{"0":5,"1":5,"2":5},"f":{},"b":{},"_coverageSchema":"1a1c01bbd47fc00a2c39e90264f33305004495a9","hash":"e3d057d31ff530ce9893b230bdbbe156a7994e1e"}
,"X:\\STUDIES Andela 2024\\node\\node-es6\\src\\routes\\blogroutes.js": {"path":"X:\\STUDIES Andela 2024\\node\\node-es6\\src\\routes\\blogroutes.js","statementMap":{"0":{"start":{"line":1,"column":16},"end":{"line":1,"column":34}},"1":{"start":{"line":2,"column":13},"end":{"line":2,"column":47}},"2":{"start":{"line":3,"column":23},"end":{"line":3,"column":65}},"3":{"start":{"line":4,"column":15},"end":{"line":4,"column":31}},"4":{"start":{"line":5,"column":23},"end":{"line":5,"column":66}},"5":{"start":{"line":53,"column":0},"end":{"line":53,"column":27}},"6":{"start":{"line":56,"column":0},"end":{"line":56,"column":49}},"7":{"start":{"line":111,"column":0},"end":{"line":116,"column":2}},"8":{"start":{"line":120,"column":0},"end":{"line":124,"column":2}},"9":{"start":{"line":127,"column":0},"end":{"line":132,"column":2}},"10":{"start":{"line":135,"column":0},"end":{"line":140,"column":2}},"11":{"start":{"line":142,"column":0},"end":{"line":146,"column":2}},"12":{"start":{"line":148,"column":0},"end":{"line":148,"column":24}}},"fnMap":{},"branchMap":{},"s":{"0":5,"1":5,"2":5,"3":5,"4":5,"5":5,"6":5,"7":5,"8":5,"9":5,"10":5,"11":5,"12":5},"f":{},"b":{},"_coverageSchema":"1a1c01bbd47fc00a2c39e90264f33305004495a9","hash":"812ee1f80558b23d6b37334fa1be54ea60558151"}
,"X:\\STUDIES Andela 2024\\node\\node-es6\\src\\routes\\messageroutes.js": {"path":"X:\\STUDIES Andela 2024\\node\\node-es6\\src\\routes\\messageroutes.js","statementMap":{"0":{"start":{"line":1,"column":16},"end":{"line":1,"column":34}},"1":{"start":{"line":4,"column":22},"end":{"line":4,"column":38}},"2":{"start":{"line":5,"column":26},"end":{"line":5,"column":72}},"3":{"start":{"line":7,"column":0},"end":{"line":7,"column":34}},"4":{"start":{"line":10,"column":0},"end":{"line":10,"column":65}},"5":{"start":{"line":12,"column":0},"end":{"line":12,"column":64}},"6":{"start":{"line":14,"column":0},"end":{"line":14,"column":70}},"7":{"start":{"line":20,"column":0},"end":{"line":20,"column":31}}},"fnMap":{},"branchMap":{},"s":{"0":5,"1":5,"2":5,"3":5,"4":5,"5":5,"6":5,"7":5},"f":{},"b":{},"_coverageSchema":"1a1c01bbd47fc00a2c39e90264f33305004495a9","hash":"70b6d0add203a98c60a7816eb032e47bff579c83"}
,"X:\\STUDIES Andela 2024\\node\\node-es6\\src\\routes\\portfolioroutes.js": {"path":"X:\\STUDIES Andela 2024\\node\\node-es6\\src\\routes\\portfolioroutes.js","statementMap":{"0":{"start":{"line":1,"column":17},"end":{"line":1,"column":36}},"1":{"start":{"line":2,"column":16},"end":{"line":2,"column":34}},"2":{"start":{"line":3,"column":18},"end":{"line":3,"column":54}},"3":{"start":{"line":4,"column":17},"end":{"line":4,"column":39}},"4":{"start":{"line":5,"column":24},"end":{"line":5,"column":40}},"5":{"start":{"line":6,"column":23},"end":{"line":6,"column":65}},"6":{"start":{"line":7,"column":28},"end":{"line":7,"column":74}},"7":{"start":{"line":9,"column":0},"end":{"line":9,"column":36}},"8":{"start":{"line":12,"column":0},"end":{"line":12,"column":69}},"9":{"start":{"line":14,"column":0},"end":{"line":14,"column":126}},"10":{"start":{"line":16,"column":0},"end":{"line":16,"column":130}},"11":{"start":{"line":18,"column":0},"end":{"line":18,"column":128}},"12":{"start":{"line":20,"column":0},"end":{"line":20,"column":33}}},"fnMap":{},"branchMap":{},"s":{"0":5,"1":5,"2":5,"3":5,"4":5,"5":5,"6":5,"7":5,"8":5,"9":5,"10":5,"11":5,"12":5},"f":{},"b":{},"_coverageSchema":"1a1c01bbd47fc00a2c39e90264f33305004495a9","hash":"baed970096e0d3e1b393d715b009f010cde1d8a4"}
,"X:\\STUDIES Andela 2024\\node\\node-es6\\src\\routes\\usersignuproutes.js": {"path":"X:\\STUDIES Andela 2024\\node\\node-es6\\src\\routes\\usersignuproutes.js","statementMap":{"0":{"start":{"line":1,"column":16},"end":{"line":1,"column":34}},"1":{"start":{"line":3,"column":23},"end":{"line":3,"column":65}},"2":{"start":{"line":4,"column":21},"end":{"line":4,"column":37}},"3":{"start":{"line":5,"column":23},"end":{"line":5,"column":68}},"4":{"start":{"line":7,"column":0},"end":{"line":7,"column":33}},"5":{"start":{"line":47,"column":0},"end":{"line":52,"column":2}},"6":{"start":{"line":110,"column":0},"end":{"line":110,"column":56}},"7":{"start":{"line":113,"column":0},"end":{"line":118,"column":2}},"8":{"start":{"line":121,"column":0},"end":{"line":121,"column":60}},"9":{"start":{"line":124,"column":0},"end":{"line":129,"column":2}},"10":{"start":{"line":175,"column":0},"end":{"line":175,"column":54}},"11":{"start":{"line":177,"column":0},"end":{"line":177,"column":58}},"12":{"start":{"line":179,"column":0},"end":{"line":184,"column":2}},"13":{"start":{"line":186,"column":0},"end":{"line":186,"column":30}}},"fnMap":{},"branchMap":{},"s":{"0":5,"1":5,"2":5,"3":5,"4":5,"5":5,"6":5,"7":5,"8":5,"9":5,"10":5,"11":5,"12":5,"13":5},"f":{},"b":{},"_coverageSchema":"1a1c01bbd47fc00a2c39e90264f33305004495a9","hash":"e7dc8fbef87422f0ed87428d6c063403f286c3dd"}
}
