TN:
SF:src\index.js
FN:24,(anonymous_0)
FN:27,(anonymous_1)
FN:33,(anonymous_2)
FNF:3
FNH:2
FNDA:0,(anonymous_0)
FNDA:4,(anonymous_1)
FNDA:5,(anonymous_2)
DA:1,5
DA:2,5
DA:3,5
DA:4,5
DA:5,5
DA:6,5
DA:7,5
DA:8,5
DA:10,5
DA:11,5
DA:12,5
DA:13,5
DA:14,5
DA:16,5
DA:19,5
DA:20,5
DA:21,5
DA:22,5
DA:24,5
DA:25,0
DA:27,5
DA:28,4
DA:31,5
DA:32,5
DA:33,5
DA:34,5
LF:26
LH:25
BRDA:31,0,0,5
BRDA:31,0,1,0
BRF:2
BRH:1
end_of_record
TN:
SF:src\swagger.js
FNF:0
FNH:0
DA:1,5
DA:2,5
DA:5,5
DA:36,5
DA:39,5
LF:5
LH:5
BRF:0
BRH:0
end_of_record
TN:
SF:src\controllers\blogcontroller.js
FN:9,(anonymous_0)
FN:18,(anonymous_1)
FN:58,(anonymous_2)
FN:60,(anonymous_3)
FN:100,(anonymous_4)
FN:140,(anonymous_5)
FN:159,(anonymous_6)
FN:191,(anonymous_7)
FNF:8
FNH:1
FNDA:0,(anonymous_0)
FNDA:1,(anonymous_1)
FNDA:0,(anonymous_2)
FNDA:0,(anonymous_3)
FNDA:0,(anonymous_4)
FNDA:0,(anonymous_5)
FNDA:0,(anonymous_6)
FNDA:0,(anonymous_7)
DA:1,5
DA:3,5
DA:4,5
DA:5,5
DA:7,5
DA:10,0
DA:13,5
DA:19,1
DA:26,1
DA:59,0
DA:60,0
DA:61,0
DA:62,0
DA:64,0
DA:65,0
DA:66,0
DA:75,0
DA:86,0
DA:87,0
DA:94,0
DA:101,0
DA:102,0
DA:103,0
DA:104,0
DA:105,0
DA:109,0
DA:112,0
DA:118,0
DA:127,0
DA:132,0
DA:133,0
DA:141,0
DA:142,0
DA:143,0
DA:144,0
DA:149,0
DA:153,0
DA:160,0
DA:161,0
DA:162,0
DA:163,0
DA:164,0
DA:166,0
DA:167,0
DA:169,0
DA:170,0
DA:172,0
DA:173,0
DA:175,0
DA:180,0
DA:185,0
DA:192,0
DA:193,0
DA:194,0
DA:198,0
DA:205,5
LF:56
LH:9
BRDA:61,0,0,0
BRDA:61,0,1,0
BRDA:65,1,0,0
BRDA:65,1,1,0
BRDA:65,2,0,0
BRDA:65,2,1,0
BRDA:65,2,2,0
BRDA:104,3,0,0
BRDA:104,3,1,0
BRDA:143,4,0,0
BRDA:143,4,1,0
BRDA:163,5,0,0
BRDA:163,5,1,0
BRDA:166,6,0,0
BRDA:166,6,1,0
BRDA:169,7,0,0
BRDA:169,7,1,0
BRDA:172,8,0,0
BRDA:172,8,1,0
BRF:19
BRH:0
end_of_record
TN:
SF:src\controllers\messagecontroller.js
FN:6,(anonymous_0)
FN:44,(anonymous_1)
FN:58,(anonymous_2)
FNF:3
FNH:0
FNDA:0,(anonymous_0)
FNDA:0,(anonymous_1)
FNDA:0,(anonymous_2)
DA:1,5
DA:2,5
DA:7,0
DA:8,0
DA:9,0
DA:11,0
DA:12,0
DA:15,0
DA:16,0
DA:19,0
DA:20,0
DA:25,0
DA:31,0
DA:36,0
DA:37,0
DA:45,0
DA:46,0
DA:47,0
DA:52,0
DA:59,0
DA:60,0
DA:61,0
DA:65,0
DA:72,5
LF:24
LH:3
BRDA:11,0,0,0
BRDA:11,0,1,0
BRDA:15,1,0,0
BRDA:15,1,1,0
BRDA:19,2,0,0
BRDA:19,2,1,0
BRF:6
BRH:0
end_of_record
TN:
SF:src\controllers\portfoliocontrollers.js
FN:6,(anonymous_0)
FN:16,(anonymous_1)
FN:24,(anonymous_2)
FN:26,(anonymous_3)
FN:53,(anonymous_4)
FN:81,(anonymous_5)
FNF:6
FNH:0
FNDA:0,(anonymous_0)
FNDA:0,(anonymous_1)
FNDA:0,(anonymous_2)
FNDA:0,(anonymous_3)
FNDA:0,(anonymous_4)
FNDA:0,(anonymous_5)
DA:1,5
DA:2,5
DA:4,5
DA:7,0
DA:10,5
DA:17,0
DA:18,0
DA:25,0
DA:26,0
DA:27,0
DA:28,0
DA:30,0
DA:38,0
DA:39,0
DA:46,0
DA:54,0
DA:55,0
DA:56,0
DA:57,0
DA:58,0
DA:61,0
DA:62,0
DA:65,0
DA:70,0
DA:75,0
DA:82,0
DA:83,0
DA:84,0
DA:88,0
DA:95,5
LF:30
LH:5
BRDA:27,0,0,0
BRDA:27,0,1,0
BRDA:57,1,0,0
BRDA:57,1,1,0
BRDA:61,2,0,0
BRDA:61,2,1,0
BRF:6
BRH:0
end_of_record
TN:
SF:src\controllers\signupcontroller.js
FN:8,(anonymous_0)
FN:23,(anonymous_1)
FN:77,(anonymous_2)
FN:97,(anonymous_3)
FN:138,(anonymous_4)
FN:151,(anonymous_5)
FN:186,(anonymous_6)
FN:231,(anonymous_7)
FNF:8
FNH:2
FNDA:0,(anonymous_0)
FNDA:8,(anonymous_1)
FNDA:0,(anonymous_2)
FNDA:0,(anonymous_3)
FNDA:0,(anonymous_4)
FNDA:2,(anonymous_5)
FNDA:0,(anonymous_6)
FNDA:0,(anonymous_7)
DA:1,5
DA:2,5
DA:3,5
DA:4,5
DA:5,5
DA:10,0
DA:11,0
DA:12,0
DA:16,0
DA:24,8
DA:25,8
DA:26,8
DA:27,5
DA:28,0
DA:33,5
DA:34,5
DA:35,0
DA:37,5
DA:42,1
DA:44,5
DA:45,3
DA:48,5
DA:49,3
DA:51,5
DA:52,4
DA:57,1
DA:59,1
DA:66,1
DA:71,3
DA:78,0
DA:79,0
DA:80,0
DA:81,0
DA:87,0
DA:91,0
DA:98,0
DA:99,0
DA:100,0
DA:101,0
DA:102,0
DA:104,0
DA:105,0
DA:107,0
DA:108,0
DA:109,0
DA:111,0
DA:112,0
DA:113,0
DA:115,0
DA:116,0
DA:118,0
DA:119,0
DA:122,0
DA:127,0
DA:132,0
DA:139,0
DA:140,0
DA:141,0
DA:145,0
DA:152,2
DA:153,2
DA:155,2
DA:156,0
DA:157,0
DA:161,0
DA:165,0
DA:166,0
DA:170,0
DA:175,0
DA:180,1
DA:187,0
DA:188,0
DA:189,0
DA:190,0
DA:191,0
DA:195,0
DA:199,0
DA:206,0
DA:216,0
DA:218,0
DA:220,0
DA:224,0
DA:226,0
DA:233,0
DA:234,0
DA:235,0
DA:239,0
DA:246,5
LF:88
LH:28
BRDA:11,0,0,0
BRDA:11,0,1,0
BRDA:27,1,0,0
BRDA:27,1,1,5
BRDA:34,2,0,0
BRDA:34,2,1,5
BRDA:37,3,0,1
BRDA:37,3,1,4
BRDA:44,4,0,3
BRDA:44,4,1,2
BRDA:48,5,0,3
BRDA:48,5,1,2
BRDA:51,6,0,4
BRDA:51,6,1,1
BRDA:80,7,0,0
BRDA:80,7,1,0
BRDA:101,8,0,0
BRDA:101,8,1,0
BRDA:104,9,0,0
BRDA:104,9,1,0
BRDA:107,10,0,0
BRDA:107,10,1,0
BRDA:111,11,0,0
BRDA:111,11,1,0
BRDA:115,12,0,0
BRDA:115,12,1,0
BRDA:118,13,0,0
BRDA:118,13,1,0
BRDA:156,14,0,0
BRDA:156,14,1,0
BRDA:165,15,0,0
BRDA:165,15,1,0
BRDA:190,16,0,0
BRDA:190,16,1,0
BRDA:234,17,0,0
BRDA:234,17,1,0
BRF:36
BRH:10
end_of_record
TN:
SF:src\database\connection.js
FN:9,(anonymous_0)
FN:10,(anonymous_1)
FNF:2
FNH:0
FNDA:0,(anonymous_0)
FNDA:0,(anonymous_1)
DA:1,5
DA:2,5
DA:4,5
DA:7,5
DA:9,0
DA:10,0
DA:13,5
LF:7
LH:5
BRF:0
BRH:0
end_of_record
TN:
SF:src\helper\jwt.js
FN:4,(anonymous_0)
FNF:1
FNH:0
FNDA:0,(anonymous_0)
DA:1,5
DA:5,0
DA:6,0
DA:9,5
LF:4
LH:2
BRDA:4,0,0,0
BRF:1
BRH:0
end_of_record
TN:
SF:src\middleware\authmiddleware.js
FN:4,(anonymous_0)
FN:34,(anonymous_1)
FNF:2
FNH:1
FNDA:6,(anonymous_0)
FNDA:0,(anonymous_1)
DA:1,5
DA:5,6
DA:6,6
DA:7,6
DA:8,5
DA:13,1
DA:14,1
DA:15,0
DA:20,1
DA:21,1
DA:22,0
DA:24,0
DA:26,1
DA:35,0
DA:36,0
DA:37,0
DA:38,0
DA:40,0
DA:46,0
DA:54,5
LF:20
LH:11
BRDA:7,0,0,5
BRDA:7,0,1,1
BRDA:14,1,0,0
BRDA:14,1,1,1
BRDA:37,2,0,0
BRDA:37,2,1,0
BRF:6
BRH:3
end_of_record
TN:
SF:src\models\blogschema.js
FNF:0
FNH:0
DA:1,5
DA:4,5
DA:34,5
LF:3
LH:3
BRF:0
BRH:0
end_of_record
TN:
SF:src\models\messageschema.js
FNF:0
FNH:0
DA:1,5
DA:3,5
DA:9,5
LF:3
LH:3
BRF:0
BRH:0
end_of_record
TN:
SF:src\models\portfolioschema.js
FNF:0
FNH:0
DA:1,5
DA:3,5
DA:12,5
LF:3
LH:3
BRF:0
BRH:0
end_of_record
TN:
SF:src\models\signupschema.js
FNF:0
FNH:0
DA:1,5
DA:4,5
DA:28,5
DA:30,5
LF:4
LH:4
BRF:0
BRH:0
end_of_record
TN:
SF:src\models\subscribeschema.js
FNF:0
FNH:0
DA:1,5
DA:3,5
DA:9,5
LF:3
LH:3
BRF:0
BRH:0
end_of_record
TN:
SF:src\routes\blogroutes.js
FNF:0
FNH:0
DA:1,5
DA:2,5
DA:3,5
DA:4,5
DA:5,5
DA:53,5
DA:56,5
DA:111,5
DA:120,5
DA:127,5
DA:135,5
DA:142,5
DA:148,5
LF:13
LH:13
BRF:0
BRH:0
end_of_record
TN:
SF:src\routes\messageroutes.js
FNF:0
FNH:0
DA:1,5
DA:4,5
DA:5,5
DA:7,5
DA:10,5
DA:12,5
DA:14,5
DA:20,5
LF:8
LH:8
BRF:0
BRH:0
end_of_record
TN:
SF:src\routes\portfolioroutes.js
FNF:0
FNH:0
DA:1,5
DA:2,5
DA:3,5
DA:4,5
DA:5,5
DA:6,5
DA:7,5
DA:9,5
DA:12,5
DA:14,5
DA:16,5
DA:18,5
DA:20,5
LF:13
LH:13
BRF:0
BRH:0
end_of_record
TN:
SF:src\routes\usersignuproutes.js
FNF:0
FNH:0
DA:1,5
DA:3,5
DA:4,5
DA:5,5
DA:7,5
DA:47,5
DA:110,5
DA:113,5
DA:121,5
DA:124,5
DA:175,5
DA:177,5
DA:179,5
DA:186,5
LF:14
LH:14
BRF:0
BRH:0
end_of_record
