TN:
SF:src\index.js
FN:25,(anonymous_0)
FN:28,(anonymous_1)
FN:34,(anonymous_2)
FNF:3
FNH:2
FNDA:0,(anonymous_0)
FNDA:4,(anonymous_1)
FNDA:5,(anonymous_2)
DA:1,5
DA:2,5
DA:3,5
DA:4,5
DA:5,5
DA:6,5
DA:7,5
DA:8,5
DA:9,5
DA:11,5
DA:12,5
DA:13,5
DA:14,5
DA:15,5
DA:17,5
DA:19,5
DA:20,5
DA:21,5
DA:22,5
DA:23,5
DA:25,5
DA:26,0
DA:28,5
DA:29,4
DA:32,5
DA:33,5
DA:34,5
DA:35,5
LF:28
LH:27
BRDA:32,0,0,5
BRDA:32,0,1,0
BRF:2
BRH:1
end_of_record
TN:
SF:src\swagger.js
FNF:0
FNH:0
DA:1,5
DA:2,5
DA:5,5
DA:39,5
DA:42,5
LF:5
LH:5
BRF:0
BRH:0
end_of_record
TN:
SF:src\controllers\blogcontroller.js
FN:9,(anonymous_0)
FN:18,(anonymous_1)
FN:32,(anonymous_2)
FN:34,(anonymous_3)
FN:75,(anonymous_4)
FN:77,(anonymous_5)
FN:114,(anonymous_6)
FN:154,(anonymous_7)
FN:173,(anonymous_8)
FN:202,(anonymous_9)
FNF:10
FNH:0
FNDA:0,(anonymous_0)
FNDA:0,(anonymous_1)
FNDA:0,(anonymous_2)
FNDA:0,(anonymous_3)
FNDA:0,(anonymous_4)
FNDA:0,(anonymous_5)
FNDA:0,(anonymous_6)
FNDA:0,(anonymous_7)
FNDA:0,(anonymous_8)
FNDA:0,(anonymous_9)
DA:1,5
DA:3,5
DA:4,5
DA:5,5
DA:7,5
DA:10,0
DA:13,5
DA:19,0
DA:26,0
DA:33,0
DA:34,0
DA:35,0
DA:36,0
DA:38,0
DA:39,0
DA:40,0
DA:49,0
DA:50,0
DA:61,0
DA:62,0
DA:69,0
DA:76,0
DA:77,0
DA:78,0
DA:79,0
DA:81,0
DA:82,0
DA:83,0
DA:92,0
DA:93,0
DA:99,0
DA:100,0
DA:108,0
DA:115,0
DA:116,0
DA:117,0
DA:118,0
DA:119,0
DA:123,0
DA:125,0
DA:126,0
DA:132,0
DA:141,0
DA:146,0
DA:147,0
DA:155,0
DA:156,0
DA:157,0
DA:158,0
DA:163,0
DA:167,0
DA:174,0
DA:175,0
DA:176,0
DA:177,0
DA:178,0
DA:180,0
DA:181,0
DA:183,0
DA:184,0
DA:186,0
DA:191,0
DA:196,0
DA:203,0
DA:204,0
DA:205,0
DA:209,0
DA:216,5
LF:68
LH:7
BRDA:35,0,0,0
BRDA:35,0,1,0
BRDA:39,1,0,0
BRDA:39,1,1,0
BRDA:39,2,0,0
BRDA:39,2,1,0
BRDA:39,2,2,0
BRDA:49,3,0,0
BRDA:49,3,1,0
BRDA:78,4,0,0
BRDA:78,4,1,0
BRDA:82,5,0,0
BRDA:82,5,1,0
BRDA:82,6,0,0
BRDA:82,6,1,0
BRDA:82,6,2,0
BRDA:92,7,0,0
BRDA:92,7,1,0
BRDA:118,8,0,0
BRDA:118,8,1,0
BRDA:125,9,0,0
BRDA:125,9,1,0
BRDA:157,10,0,0
BRDA:157,10,1,0
BRDA:177,11,0,0
BRDA:177,11,1,0
BRDA:180,12,0,0
BRDA:180,12,1,0
BRDA:183,13,0,0
BRDA:183,13,1,0
BRF:30
BRH:0
end_of_record
TN:
SF:src\controllers\messagecontroller.js
FN:6,(anonymous_0)
FN:44,(anonymous_1)
FN:58,(anonymous_2)
FNF:3
FNH:0
FNDA:0,(anonymous_0)
FNDA:0,(anonymous_1)
FNDA:0,(anonymous_2)
DA:1,5
DA:2,5
DA:7,0
DA:8,0
DA:9,0
DA:11,0
DA:12,0
DA:15,0
DA:16,0
DA:19,0
DA:20,0
DA:25,0
DA:31,0
DA:36,0
DA:37,0
DA:45,0
DA:46,0
DA:47,0
DA:52,0
DA:59,0
DA:60,0
DA:61,0
DA:65,0
DA:72,5
LF:24
LH:3
BRDA:11,0,0,0
BRDA:11,0,1,0
BRDA:15,1,0,0
BRDA:15,1,1,0
BRDA:19,2,0,0
BRDA:19,2,1,0
BRF:6
BRH:0
end_of_record
TN:
SF:src\controllers\portfoliocontrollers.js
FN:6,(anonymous_0)
FN:16,(anonymous_1)
FN:24,(anonymous_2)
FN:26,(anonymous_3)
FN:53,(anonymous_4)
FN:81,(anonymous_5)
FNF:6
FNH:0
FNDA:0,(anonymous_0)
FNDA:0,(anonymous_1)
FNDA:0,(anonymous_2)
FNDA:0,(anonymous_3)
FNDA:0,(anonymous_4)
FNDA:0,(anonymous_5)
DA:1,5
DA:2,5
DA:4,5
DA:7,0
DA:10,5
DA:17,0
DA:18,0
DA:25,0
DA:26,0
DA:27,0
DA:28,0
DA:30,0
DA:38,0
DA:39,0
DA:46,0
DA:54,0
DA:55,0
DA:56,0
DA:57,0
DA:58,0
DA:61,0
DA:62,0
DA:65,0
DA:70,0
DA:75,0
DA:82,0
DA:83,0
DA:84,0
DA:88,0
DA:95,5
LF:30
LH:5
BRDA:27,0,0,0
BRDA:27,0,1,0
BRDA:57,1,0,0
BRDA:57,1,1,0
BRDA:61,2,0,0
BRDA:61,2,1,0
BRF:6
BRH:0
end_of_record
TN:
SF:src\controllers\signupcontroller.js
FN:11,(anonymous_0)
FN:26,(anonymous_1)
FN:80,(anonymous_2)
FN:108,(anonymous_3)
FN:149,(anonymous_4)
FN:162,(anonymous_5)
FN:208,(anonymous_6)
FN:262,(anonymous_7)
FNF:8
FNH:2
FNDA:0,(anonymous_0)
FNDA:7,(anonymous_1)
FNDA:0,(anonymous_2)
FNDA:0,(anonymous_3)
FNDA:0,(anonymous_4)
FNDA:1,(anonymous_5)
FNDA:0,(anonymous_6)
FNDA:0,(anonymous_7)
DA:1,5
DA:2,5
DA:3,5
DA:4,5
DA:5,5
DA:6,5
DA:8,5
DA:13,0
DA:14,0
DA:15,0
DA:19,0
DA:27,7
DA:28,7
DA:29,7
DA:30,5
DA:31,0
DA:36,5
DA:37,5
DA:38,0
DA:40,5
DA:45,1
DA:47,5
DA:48,3
DA:51,5
DA:52,3
DA:54,5
DA:55,4
DA:60,1
DA:62,1
DA:69,1
DA:74,2
DA:81,0
DA:82,0
DA:83,0
DA:84,0
DA:90,0
DA:94,0
DA:109,0
DA:110,0
DA:111,0
DA:112,0
DA:113,0
DA:116,0
DA:117,0
DA:118,0
DA:121,0
DA:122,0
DA:125,0
DA:130,0
DA:135,0
DA:150,0
DA:151,0
DA:152,0
DA:156,0
DA:163,1
DA:164,1
DA:166,1
DA:167,0
DA:168,0
DA:169,0
DA:173,0
DA:177,0
DA:178,0
DA:183,0
DA:184,0
DA:189,0
DA:190,0
DA:194,0
DA:209,0
DA:210,0
DA:211,0
DA:212,0
DA:213,0
DA:217,0
DA:221,0
DA:229,0
DA:230,0
DA:231,0
DA:238,0
DA:240,0
DA:242,0
DA:246,0
DA:248,0
DA:264,0
DA:265,0
DA:266,0
DA:270,0
DA:277,5
LF:88
LH:29
BRDA:14,0,0,0
BRDA:14,0,1,0
BRDA:30,1,0,0
BRDA:30,1,1,5
BRDA:37,2,0,0
BRDA:37,2,1,5
BRDA:40,3,0,1
BRDA:40,3,1,4
BRDA:47,4,0,3
BRDA:47,4,1,2
BRDA:51,5,0,3
BRDA:51,5,1,2
BRDA:54,6,0,4
BRDA:54,6,1,1
BRDA:83,7,0,0
BRDA:83,7,1,0
BRDA:112,8,0,0
BRDA:112,8,1,0
BRDA:116,9,0,0
BRDA:116,9,1,0
BRDA:121,10,0,0
BRDA:121,10,1,0
BRDA:168,11,0,0
BRDA:168,11,1,0
BRDA:177,12,0,0
BRDA:177,12,1,0
BRDA:212,13,0,0
BRDA:212,13,1,0
BRDA:265,14,0,0
BRDA:265,14,1,0
BRF:30
BRH:10
end_of_record
TN:
SF:src\database\connection.js
FN:9,(anonymous_0)
FN:10,(anonymous_1)
FNF:2
FNH:0
FNDA:0,(anonymous_0)
FNDA:0,(anonymous_1)
DA:1,5
DA:2,5
DA:4,5
DA:7,5
DA:9,0
DA:10,0
DA:13,5
LF:7
LH:5
BRF:0
BRH:0
end_of_record
TN:
SF:src\helper\jwt.js
FN:7,(anonymous_0)
FNF:1
FNH:0
FNDA:0,(anonymous_0)
DA:1,5
DA:2,5
DA:4,5
DA:9,0
DA:14,0
DA:19,5
LF:6
LH:4
BRDA:7,0,0,0
BRF:1
BRH:0
end_of_record
TN:
SF:src\middleware\authmiddleware.js
FN:4,(anonymous_0)
FN:34,(anonymous_1)
FNF:2
FNH:1
FNDA:1,(anonymous_0)
FNDA:0,(anonymous_1)
DA:1,5
DA:5,1
DA:6,1
DA:7,1
DA:8,1
DA:13,0
DA:14,0
DA:15,0
DA:20,0
DA:21,0
DA:22,0
DA:24,0
DA:26,0
DA:35,0
DA:36,0
DA:37,0
DA:38,0
DA:40,0
DA:46,0
DA:54,5
LF:20
LH:6
BRDA:7,0,0,1
BRDA:7,0,1,0
BRDA:14,1,0,0
BRDA:14,1,1,0
BRDA:37,2,0,0
BRDA:37,2,1,0
BRF:6
BRH:1
end_of_record
TN:
SF:src\models\blogschema.js
FNF:0
FNH:0
DA:1,5
DA:4,5
DA:34,5
LF:3
LH:3
BRF:0
BRH:0
end_of_record
TN:
SF:src\models\blogtestschema.js
FNF:0
FNH:0
DA:1,1
DA:4,1
DA:30,1
LF:3
LH:3
BRF:0
BRH:0
end_of_record
TN:
SF:src\models\messageschema.js
FNF:0
FNH:0
DA:1,5
DA:3,5
DA:9,5
LF:3
LH:3
BRF:0
BRH:0
end_of_record
TN:
SF:src\models\portfolioschema.js
FNF:0
FNH:0
DA:1,5
DA:3,5
DA:12,5
LF:3
LH:3
BRF:0
BRH:0
end_of_record
TN:
SF:src\models\signupschema.js
FNF:0
FNH:0
DA:1,5
DA:4,5
DA:28,5
DA:30,5
LF:4
LH:4
BRF:0
BRH:0
end_of_record
TN:
SF:src\models\subscribeschema.js
FNF:0
FNH:0
DA:1,5
DA:3,5
DA:9,5
LF:3
LH:3
BRF:0
BRH:0
end_of_record
TN:
SF:src\routes\blogroutes.js
FNF:0
FNH:0
DA:1,5
DA:2,5
DA:3,5
DA:4,5
DA:5,5
DA:53,5
DA:56,5
DA:111,5
DA:118,5
DA:169,5
DA:253,5
DA:305,5
DA:359,5
DA:365,5
LF:14
LH:14
BRF:0
BRH:0
end_of_record
TN:
SF:src\routes\messageroutes.js
FNF:0
FNH:0
DA:1,5
DA:3,5
DA:4,5
DA:5,5
DA:7,5
DA:63,5
DA:99,5
DA:142,5
DA:145,5
LF:9
LH:9
BRF:0
BRH:0
end_of_record
TN:
SF:src\routes\portfolioroutes.js
FNF:0
FNH:0
DA:1,5
DA:2,5
DA:3,5
DA:4,5
DA:5,5
DA:6,5
DA:7,5
DA:9,5
DA:47,5
DA:117,5
DA:206,5
DA:267,5
DA:274,5
LF:13
LH:13
BRF:0
BRH:0
end_of_record
TN:
SF:src\routes\usersignuproutes.js
FNF:0
FNH:0
DA:1,5
DA:3,5
DA:4,5
DA:5,5
DA:7,5
DA:47,5
DA:110,5
DA:159,5
DA:242,5
DA:302,5
DA:353,5
DA:405,5
DA:455,5
DA:462,5
LF:14
LH:14
BRF:0
BRH:0
end_of_record
